#
# A fatal error has been detected by the Java Runtime Environment:
#
#  Internal Error (safepoint.cpp:917), pid=67662, tid=28419
#  fatal error: Illegal threadstate encountered: 4
#
# JRE version: Java(TM) SE Runtime Environment (11.0.5+10) (build 11.0.5+10-LTS)
# Java VM: Java HotSpot(TM) 64-Bit Server VM (11.0.5+10-LTS, mixed mode, tiered, compressed oops, g1 gc, bsd-amd64)
# No core dump will be written. Core dumps have been disabled. To enable core dumping, try "ulimit -c unlimited" before starting Java again
#
# If you would like to submit a bug report, please visit:
#   http://bugreport.java.com/bugreport/crash.jsp
# The crash happened outside the Java Virtual Machine in native code.
# See problematic frame for where to report the bug.
#

---------------  S U M M A R Y ------------

Command Line: -javaagent:/Applications/IntelliJ IDEA CE.app/Contents/lib/idea_rt.jar=57252:/Applications/IntelliJ IDEA CE.app/Contents/bin -Dfile.encoding=UTF-8 --module-path=/Users/christophercheseldine/Documents/Java Projects/SessionViewer/out/production/SessionViewer:/Users/christophercheseldine/.m2/repository/org/openjfx/javafx-fxml/11/javafx-fxml-11.jar:/Users/christophercheseldine/.m2/repository/org/openjfx/javafx-fxml/11/javafx-fxml-11-mac.jar:/Users/christophercheseldine/.m2/repository/org/openjfx/javafx-controls/11/javafx-controls-11.jar:/Users/christophercheseldine/.m2/repository/org/openjfx/javafx-controls/11/javafx-controls-11-mac.jar:/Users/christophercheseldine/.m2/repository/org/openjfx/javafx-graphics/11/javafx-graphics-11.jar:/Users/christophercheseldine/.m2/repository/org/openjfx/javafx-graphics/11/javafx-graphics-11-mac.jar:/Users/christophercheseldine/.m2/repository/org/openjfx/javafx-base/11/javafx-base-11.jar:/Users/christophercheseldine/.m2/repository/org/openjfx/javafx-base/11/javafx-base-11-mac.jar -Djdk.module.main=SessionViewer SessionViewer/sample.Main

Host: iMac18,3 x86_64 3500 MHz, 4 cores, 40G, Darwin 21.4.0
Time: Sat Mar 19 13:49:40 2022 PDT elapsed time: 1 seconds (0d 0h 0m 1s)

---------------  T H R E A D  ---------------

Current thread (0x00007feb671bc000):  JavaThread "InvokeLaterDispatcher" daemon [_thread_in_native, id=28419, stack(0x0000700010ee3000,0x0000700010fe3000)]

Stack: [0x0000700010ee3000,0x0000700010fe3000],  sp=0x0000700010fe1310,  free space=1016k
Native frames: (J=compiled Java code, A=aot compiled Java code, j=interpreted, Vv=VM code, C=native code)
V  [libjvm.dylib+0x741275]  _ZN7VMError14report_and_dieEiPKcS1_P13__va_list_tagP6ThreadPhPvS7_S1_im+0x5d1
V  [libjvm.dylib+0x741901]  _ZN7VMError14report_and_dieEP6ThreadPvPKciS4_S4_P13__va_list_tag+0x47
V  [libjvm.dylib+0x265aad]  _Z12report_fatalPKciS0_z+0xb5
V  [libjvm.dylib+0x662497]  _ZN20SafepointSynchronize5blockEP10JavaThread+0x1d1
V  [libjvm.dylib+0x6f12e4]  _ZN10JavaThread44check_safepoint_and_suspend_for_native_transEPS_+0xaa
V  [libjvm.dylib+0x3d8012]  jni_DeleteGlobalRef+0x93
C  [libglass.dylib+0x8871]  -[GlassRunnable dealloc]+0x31
C  [Foundation+0x81bee]  -[_NSThreadPerformInfo dealloc]+0x2a
C  [Foundation+0x4e496]  -[NSObject(NSThreadPerformAdditions) performSelectorOnMainThread:withObject:waitUntilDone:]+0x7c
j  com.sun.glass.ui.mac.MacApplication._submitForLaterInvocation(Ljava/lang/Runnable;)V+0 javafx.graphics
j  com.sun.glass.ui.mac.MacApplication.submitForLaterInvocation(Ljava/lang/Runnable;)V+2 javafx.graphics
j  com.sun.glass.ui.InvokeLaterDispatcher.run()V+82 javafx.graphics
v  ~StubRoutines::call_stub
V  [libjvm.dylib+0x39d6e2]  _ZN9JavaCalls11call_helperEP9JavaValueRK12methodHandleP17JavaCallArgumentsP6Thread+0x21a
V  [libjvm.dylib+0x39cb2c]  _ZN9JavaCalls12call_virtualEP9JavaValueP5KlassP6SymbolS5_P17JavaCallArgumentsP6Thread+0xee
V  [libjvm.dylib+0x39cbe8]  _ZN9JavaCalls12call_virtualEP9JavaValue6HandleP5KlassP6SymbolS6_P6Thread+0x62
V  [libjvm.dylib+0x420bec]  _ZL12thread_entryP10JavaThreadP6Thread+0x78
V  [libjvm.dylib+0x6efcc6]  _ZN10JavaThread17thread_main_innerEv+0x82
V  [libjvm.dylib+0x6efb11]  _ZN10JavaThread3runEv+0x1ab
V  [libjvm.dylib+0x5f27c3]  _ZL19thread_native_entryP6Thread+0x135
C  [libsystem_pthread.dylib+0x64e1]  _pthread_start+0x7d
C  [libsystem_pthread.dylib+0x1f6b]  thread_start+0xf

Java frames: (J=compiled Java code, j=interpreted, Vv=VM code)
j  com.sun.glass.ui.mac.MacApplication._submitForLaterInvocation(Ljava/lang/Runnable;)V+0 javafx.graphics
j  com.sun.glass.ui.mac.MacApplication.submitForLaterInvocation(Ljava/lang/Runnable;)V+2 javafx.graphics
j  com.sun.glass.ui.InvokeLaterDispatcher.run()V+82 javafx.graphics
v  ~StubRoutines::call_stub

---------------  P R O C E S S  ---------------

Threads class SMR info:
_java_thread_list=0x00006000014c5e20, length=17, elements={
0x00007feb78009800, 0x00007feb67009000, 0x00007feb77023000, 0x00007feb781ba000,
0x00007feb7882c000, 0x00007feb781bb000, 0x00007feb7887f800, 0x00007feb6709e000,
0x00007feb670a5000, 0x00007feb78976800, 0x00007feb78982000, 0x00007feb78187000,
0x00007feb671bc000, 0x00007feb671bc800, 0x00007feb7837c000, 0x00007feb783b3800,
0x00007feb78a62800
}

Java Threads: ( => current thread )
  0x00007feb78009800 JavaThread "main" [_thread_blocked, id=10243, stack(0x000070000faa4000,0x000070000fba4000)]
  0x00007feb67009000 JavaThread "Reference Handler" daemon [_thread_blocked, id=12803, stack(0x00007000101b9000,0x00007000102b9000)]
  0x00007feb77023000 JavaThread "Finalizer" daemon [_thread_blocked, id=13059, stack(0x00007000102bc000,0x00007000103bc000)]
  0x00007feb781ba000 JavaThread "Signal Dispatcher" daemon [_thread_blocked, id=15619, stack(0x00007000104c5000,0x00007000105c5000)]
  0x00007feb7882c000 JavaThread "C2 CompilerThread0" daemon [_thread_blocked, id=16387, stack(0x00007000105c8000,0x00007000106c8000)]
  0x00007feb781bb000 JavaThread "C1 CompilerThread0" daemon [_thread_blocked, id=17155, stack(0x00007000106cb000,0x00007000107cb000)]
  0x00007feb7887f800 JavaThread "Sweeper thread" daemon [_thread_blocked, id=22019, stack(0x00007000107ce000,0x00007000108ce000)]
  0x00007feb6709e000 JavaThread "Common-Cleaner" daemon [_thread_blocked, id=43011, stack(0x00007000108d1000,0x00007000109d1000)]
  0x00007feb670a5000 JavaThread "Monitor Ctrl-Break" daemon [_thread_in_native, id=41987, stack(0x0000700010ad7000,0x0000700010bd7000)]
  0x00007feb78976800 JavaThread "Service Thread" daemon [_thread_blocked, id=41219, stack(0x0000700010bda000,0x0000700010cda000)]
  0x00007feb78982000 JavaThread "QuantumRenderer-0" daemon [_thread_in_vm, id=42503, stack(0x00007000109d4000,0x0000700010ad4000)]
  0x00007feb78187000 JavaThread "C2 CompilerThread1" daemon [_thread_blocked, id=23555, stack(0x0000700010de0000,0x0000700010ee0000)]
=>0x00007feb671bc000 JavaThread "InvokeLaterDispatcher" daemon [_thread_in_native, id=28419, stack(0x0000700010ee3000,0x0000700010fe3000)]
  0x00007feb671bc800 JavaThread "JavaFX Application Thread" [_thread_in_native_trans, id=259, stack(0x00007ff7b4ac8000,0x00007ff7b52c8000)]
  0x00007feb7837c000 JavaThread "Thread-2" daemon [_thread_blocked, id=45575, stack(0x0000700010fe6000,0x0000700011066000)]
  0x00007feb783b3800 JavaThread "JavaFX-Launcher" [_thread_blocked, id=51719, stack(0x00007000111f2000,0x00007000112f2000)]
  0x00007feb78a62800 JavaThread "Attach Listener" daemon [_thread_blocked, id=72451, stack(0x00007000115fe000,0x00007000116fe000)]

Other Threads:
  0x00007feb67008800 VMThread "VM Thread" [stack: 0x00007000100b6000,0x00007000101b6000] [id=12547] _threads_hazard_ptr=0x00006000014c5e20
  0x00007feb670a6000 WatcherThread [stack: 0x0000700010cdd000,0x0000700010ddd000] [id=23043]
  0x00007feb78016000 GCTaskThread "GC Thread#0" [stack: 0x000070000fba7000,0x000070000fca7000] [id=11267]
  0x00007feb671e2000 GCTaskThread "GC Thread#1" [stack: 0x00007000112f5000,0x00007000113f5000] [id=52227]
  0x00007feb67276000 GCTaskThread "GC Thread#2" [stack: 0x00007000113f8000,0x00007000114f8000] [id=73475]
  0x00007feb67279000 GCTaskThread "GC Thread#3" [stack: 0x00007000114fb000,0x00007000115fb000] [id=73219]
  0x00007feb78029800 ConcurrentGCThread "G1 Main Marker" [stack: 0x000070000fcaa000,0x000070000fdaa000] [id=11523]
  0x00007feb7802a800 ConcurrentGCThread "G1 Conc#0" [stack: 0x000070000fdad000,0x000070000fead000] [id=20483]
  0x00007feb7817a000 ConcurrentGCThread "G1 Refine#0" [stack: 0x000070000feb0000,0x000070000ffb0000] [id=20227]
  0x00007feb7817b000 ConcurrentGCThread "G1 Young RemSet Sampling" [stack: 0x000070000ffb3000,0x00007000100b3000] [id=19715]

Threads with active compile tasks:
C2 CompilerThread11064       4       java.lang.invoke.MethodType::makeImpl (108 bytes)

VM state:synchronizing (normal execution)

VM Mutex/Monitor currently owned by a thread:  ([mutex/lock_event])
[0x0000600003ab5e00] Safepoint_lock - owner thread: 0x00007feb67008800
[0x0000600003ab5e80] Threads_lock - owner thread: 0x00007feb67008800

Heap address: 0x0000000580000000, size: 10240 MB, Compressed Oops mode: Zero based, Oop shift amount: 3
Narrow klass base: 0x0000000800000000, Narrow klass shift: 0
Compressed class space size: 1073741824 Address: 0x0000000800000000

Heap:
 garbage-first heap   total 655360K, used 7709K [0x0000000580000000, 0x0000000800000000)
  region size 2048K, 5 young (10240K), 2 survivors (4096K)
 Metaspace       used 17742K, capacity 18270K, committed 18432K, reserved 1064960K
  class space    used 2066K, capacity 2292K, committed 2304K, reserved 1048576K
Heap Regions: E=young(eden), S=young(survivor), O=old, HS=humongous(starts), HC=humongous(continues), CS=collection set, F=free, A=archive, TAMS=top-at-mark-start (previous, next)
|   0|0x0000000580000000, 0x0000000580000000, 0x0000000580200000|  0%| F|  |TAMS 0x0000000580000000, 0x0000000580000000| Untracked 
|   1|0x0000000580200000, 0x0000000580200000, 0x0000000580400000|  0%| F|  |TAMS 0x0000000580200000, 0x0000000580200000| Untracked 
|   2|0x0000000580400000, 0x0000000580400000, 0x0000000580600000|  0%| F|  |TAMS 0x0000000580400000, 0x0000000580400000| Untracked 
|   3|0x0000000580600000, 0x0000000580600000, 0x0000000580800000|  0%| F|  |TAMS 0x0000000580600000, 0x0000000580600000| Untracked 
|   4|0x0000000580800000, 0x0000000580800000, 0x0000000580a00000|  0%| F|  |TAMS 0x0000000580800000, 0x0000000580800000| Untracked 
|   5|0x0000000580a00000, 0x0000000580a00000, 0x0000000580c00000|  0%| F|  |TAMS 0x0000000580a00000, 0x0000000580a00000| Untracked 
|   6|0x0000000580c00000, 0x0000000580c00000, 0x0000000580e00000|  0%| F|  |TAMS 0x0000000580c00000, 0x0000000580c00000| Untracked 
|   7|0x0000000580e00000, 0x0000000580e00000, 0x0000000581000000|  0%| F|  |TAMS 0x0000000580e00000, 0x0000000580e00000| Untracked 
|   8|0x0000000581000000, 0x0000000581000000, 0x0000000581200000|  0%| F|  |TAMS 0x0000000581000000, 0x0000000581000000| Untracked 
|   9|0x0000000581200000, 0x0000000581200000, 0x0000000581400000|  0%| F|  |TAMS 0x0000000581200000, 0x0000000581200000| Untracked 
|  10|0x0000000581400000, 0x0000000581400000, 0x0000000581600000|  0%| F|  |TAMS 0x0000000581400000, 0x0000000581400000| Untracked 
|  11|0x0000000581600000, 0x0000000581600000, 0x0000000581800000|  0%| F|  |TAMS 0x0000000581600000, 0x0000000581600000| Untracked 
|  12|0x0000000581800000, 0x0000000581800000, 0x0000000581a00000|  0%| F|  |TAMS 0x0000000581800000, 0x0000000581800000| Untracked 
|  13|0x0000000581a00000, 0x0000000581a00000, 0x0000000581c00000|  0%| F|  |TAMS 0x0000000581a00000, 0x0000000581a00000| Untracked 
|  14|0x0000000581c00000, 0x0000000581c00000, 0x0000000581e00000|  0%| F|  |TAMS 0x0000000581c00000, 0x0000000581c00000| Untracked 
|  15|0x0000000581e00000, 0x0000000581e00000, 0x0000000582000000|  0%| F|  |TAMS 0x0000000581e00000, 0x0000000581e00000| Untracked 
|  16|0x0000000582000000, 0x0000000582000000, 0x0000000582200000|  0%| F|  |TAMS 0x0000000582000000, 0x0000000582000000| Untracked 
|  17|0x0000000582200000, 0x0000000582200000, 0x0000000582400000|  0%| F|  |TAMS 0x0000000582200000, 0x0000000582200000| Untracked 
|  18|0x0000000582400000, 0x0000000582400000, 0x0000000582600000|  0%| F|  |TAMS 0x0000000582400000, 0x0000000582400000| Untracked 
|  19|0x0000000582600000, 0x0000000582600000, 0x0000000582800000|  0%| F|  |TAMS 0x0000000582600000, 0x0000000582600000| Untracked 
|  20|0x0000000582800000, 0x0000000582800000, 0x0000000582a00000|  0%| F|  |TAMS 0x0000000582800000, 0x0000000582800000| Untracked 
|  21|0x0000000582a00000, 0x0000000582a00000, 0x0000000582c00000|  0%| F|  |TAMS 0x0000000582a00000, 0x0000000582a00000| Untracked 
|  22|0x0000000582c00000, 0x0000000582c00000, 0x0000000582e00000|  0%| F|  |TAMS 0x0000000582c00000, 0x0000000582c00000| Untracked 
|  23|0x0000000582e00000, 0x0000000582e00000, 0x0000000583000000|  0%| F|  |TAMS 0x0000000582e00000, 0x0000000582e00000| Untracked 
|  24|0x0000000583000000, 0x0000000583000000, 0x0000000583200000|  0%| F|  |TAMS 0x0000000583000000, 0x0000000583000000| Untracked 
|  25|0x0000000583200000, 0x0000000583200000, 0x0000000583400000|  0%| F|  |TAMS 0x0000000583200000, 0x0000000583200000| Untracked 
|  26|0x0000000583400000, 0x0000000583400000, 0x0000000583600000|  0%| F|  |TAMS 0x0000000583400000, 0x0000000583400000| Untracked 
|  27|0x0000000583600000, 0x0000000583600000, 0x0000000583800000|  0%| F|  |TAMS 0x0000000583600000, 0x0000000583600000| Untracked 
|  28|0x0000000583800000, 0x0000000583800000, 0x0000000583a00000|  0%| F|  |TAMS 0x0000000583800000, 0x0000000583800000| Untracked 
|  29|0x0000000583a00000, 0x0000000583a00000, 0x0000000583c00000|  0%| F|  |TAMS 0x0000000583a00000, 0x0000000583a00000| Untracked 
|  30|0x0000000583c00000, 0x0000000583c00000, 0x0000000583e00000|  0%| F|  |TAMS 0x0000000583c00000, 0x0000000583c00000| Untracked 
|  31|0x0000000583e00000, 0x0000000583e00000, 0x0000000584000000|  0%| F|  |TAMS 0x0000000583e00000, 0x0000000583e00000| Untracked 
|  32|0x0000000584000000, 0x0000000584000000, 0x0000000584200000|  0%| F|  |TAMS 0x0000000584000000, 0x0000000584000000| Untracked 
|  33|0x0000000584200000, 0x0000000584200000, 0x0000000584400000|  0%| F|  |TAMS 0x0000000584200000, 0x0000000584200000| Untracked 
|  34|0x0000000584400000, 0x0000000584400000, 0x0000000584600000|  0%| F|  |TAMS 0x0000000584400000, 0x0000000584400000| Untracked 
|  35|0x0000000584600000, 0x0000000584600000, 0x0000000584800000|  0%| F|  |TAMS 0x0000000584600000, 0x0000000584600000| Untracked 
|  36|0x0000000584800000, 0x0000000584800000, 0x0000000584a00000|  0%| F|  |TAMS 0x0000000584800000, 0x0000000584800000| Untracked 
|  37|0x0000000584a00000, 0x0000000584a00000, 0x0000000584c00000|  0%| F|  |TAMS 0x0000000584a00000, 0x0000000584a00000| Untracked 
|  38|0x0000000584c00000, 0x0000000584c00000, 0x0000000584e00000|  0%| F|  |TAMS 0x0000000584c00000, 0x0000000584c00000| Untracked 
|  39|0x0000000584e00000, 0x0000000584e00000, 0x0000000585000000|  0%| F|  |TAMS 0x0000000584e00000, 0x0000000584e00000| Untracked 
|  40|0x0000000585000000, 0x0000000585000000, 0x0000000585200000|  0%| F|  |TAMS 0x0000000585000000, 0x0000000585000000| Untracked 
|  41|0x0000000585200000, 0x0000000585200000, 0x0000000585400000|  0%| F|  |TAMS 0x0000000585200000, 0x0000000585200000| Untracked 
|  42|0x0000000585400000, 0x0000000585400000, 0x0000000585600000|  0%| F|  |TAMS 0x0000000585400000, 0x0000000585400000| Untracked 
|  43|0x0000000585600000, 0x0000000585600000, 0x0000000585800000|  0%| F|  |TAMS 0x0000000585600000, 0x0000000585600000| Untracked 
|  44|0x0000000585800000, 0x0000000585800000, 0x0000000585a00000|  0%| F|  |TAMS 0x0000000585800000, 0x0000000585800000| Untracked 
|  45|0x0000000585a00000, 0x0000000585a00000, 0x0000000585c00000|  0%| F|  |TAMS 0x0000000585a00000, 0x0000000585a00000| Untracked 
|  46|0x0000000585c00000, 0x0000000585c00000, 0x0000000585e00000|  0%| F|  |TAMS 0x0000000585c00000, 0x0000000585c00000| Untracked 
|  47|0x0000000585e00000, 0x0000000585e00000, 0x0000000586000000|  0%| F|  |TAMS 0x0000000585e00000, 0x0000000585e00000| Untracked 
|  48|0x0000000586000000, 0x0000000586000000, 0x0000000586200000|  0%| F|  |TAMS 0x0000000586000000, 0x0000000586000000| Untracked 
|  49|0x0000000586200000, 0x0000000586200000, 0x0000000586400000|  0%| F|  |TAMS 0x0000000586200000, 0x0000000586200000| Untracked 
|  50|0x0000000586400000, 0x0000000586400000, 0x0000000586600000|  0%| F|  |TAMS 0x0000000586400000, 0x0000000586400000| Untracked 
|  51|0x0000000586600000, 0x0000000586600000, 0x0000000586800000|  0%| F|  |TAMS 0x0000000586600000, 0x0000000586600000| Untracked 
|  52|0x0000000586800000, 0x0000000586800000, 0x0000000586a00000|  0%| F|  |TAMS 0x0000000586800000, 0x0000000586800000| Untracked 
|  53|0x0000000586a00000, 0x0000000586a00000, 0x0000000586c00000|  0%| F|  |TAMS 0x0000000586a00000, 0x0000000586a00000| Untracked 
|  54|0x0000000586c00000, 0x0000000586c00000, 0x0000000586e00000|  0%| F|  |TAMS 0x0000000586c00000, 0x0000000586c00000| Untracked 
|  55|0x0000000586e00000, 0x0000000586e00000, 0x0000000587000000|  0%| F|  |TAMS 0x0000000586e00000, 0x0000000586e00000| Untracked 
|  56|0x0000000587000000, 0x0000000587000000, 0x0000000587200000|  0%| F|  |TAMS 0x0000000587000000, 0x0000000587000000| Untracked 
|  57|0x0000000587200000, 0x0000000587200000, 0x0000000587400000|  0%| F|  |TAMS 0x0000000587200000, 0x0000000587200000| Untracked 
|  58|0x0000000587400000, 0x0000000587400000, 0x0000000587600000|  0%| F|  |TAMS 0x0000000587400000, 0x0000000587400000| Untracked 
|  59|0x0000000587600000, 0x0000000587600000, 0x0000000587800000|  0%| F|  |TAMS 0x0000000587600000, 0x0000000587600000| Untracked 
|  60|0x0000000587800000, 0x0000000587800000, 0x0000000587a00000|  0%| F|  |TAMS 0x0000000587800000, 0x0000000587800000| Untracked 
|  61|0x0000000587a00000, 0x0000000587a00000, 0x0000000587c00000|  0%| F|  |TAMS 0x0000000587a00000, 0x0000000587a00000| Untracked 
|  62|0x0000000587c00000, 0x0000000587c00000, 0x0000000587e00000|  0%| F|  |TAMS 0x0000000587c00000, 0x0000000587c00000| Untracked 
|  63|0x0000000587e00000, 0x0000000587e00000, 0x0000000588000000|  0%| F|  |TAMS 0x0000000587e00000, 0x0000000587e00000| Untracked 
|  64|0x0000000588000000, 0x0000000588000000, 0x0000000588200000|  0%| F|  |TAMS 0x0000000588000000, 0x0000000588000000| Untracked 
|  65|0x0000000588200000, 0x0000000588200000, 0x0000000588400000|  0%| F|  |TAMS 0x0000000588200000, 0x0000000588200000| Untracked 
|  66|0x0000000588400000, 0x0000000588400000, 0x0000000588600000|  0%| F|  |TAMS 0x0000000588400000, 0x0000000588400000| Untracked 
|  67|0x0000000588600000, 0x0000000588600000, 0x0000000588800000|  0%| F|  |TAMS 0x0000000588600000, 0x0000000588600000| Untracked 
|  68|0x0000000588800000, 0x0000000588800000, 0x0000000588a00000|  0%| F|  |TAMS 0x0000000588800000, 0x0000000588800000| Untracked 
|  69|0x0000000588a00000, 0x0000000588a00000, 0x0000000588c00000|  0%| F|  |TAMS 0x0000000588a00000, 0x0000000588a00000| Untracked 
|  70|0x0000000588c00000, 0x0000000588c00000, 0x0000000588e00000|  0%| F|  |TAMS 0x0000000588c00000, 0x0000000588c00000| Untracked 
|  71|0x0000000588e00000, 0x0000000588e00000, 0x0000000589000000|  0%| F|  |TAMS 0x0000000588e00000, 0x0000000588e00000| Untracked 
|  72|0x0000000589000000, 0x0000000589000000, 0x0000000589200000|  0%| F|  |TAMS 0x0000000589000000, 0x0000000589000000| Untracked 
|  73|0x0000000589200000, 0x0000000589200000, 0x0000000589400000|  0%| F|  |TAMS 0x0000000589200000, 0x0000000589200000| Untracked 
|  74|0x0000000589400000, 0x0000000589400000, 0x0000000589600000|  0%| F|  |TAMS 0x0000000589400000, 0x0000000589400000| Untracked 
|  75|0x0000000589600000, 0x0000000589600000, 0x0000000589800000|  0%| F|  |TAMS 0x0000000589600000, 0x0000000589600000| Untracked 
|  76|0x0000000589800000, 0x0000000589800000, 0x0000000589a00000|  0%| F|  |TAMS 0x0000000589800000, 0x0000000589800000| Untracked 
|  77|0x0000000589a00000, 0x0000000589a00000, 0x0000000589c00000|  0%| F|  |TAMS 0x0000000589a00000, 0x0000000589a00000| Untracked 
|  78|0x0000000589c00000, 0x0000000589c00000, 0x0000000589e00000|  0%| F|  |TAMS 0x0000000589c00000, 0x0000000589c00000| Untracked 
|  79|0x0000000589e00000, 0x0000000589e00000, 0x000000058a000000|  0%| F|  |TAMS 0x0000000589e00000, 0x0000000589e00000| Untracked 
|  80|0x000000058a000000, 0x000000058a000000, 0x000000058a200000|  0%| F|  |TAMS 0x000000058a000000, 0x000000058a000000| Untracked 
|  81|0x000000058a200000, 0x000000058a200000, 0x000000058a400000|  0%| F|  |TAMS 0x000000058a200000, 0x000000058a200000| Untracked 
|  82|0x000000058a400000, 0x000000058a400000, 0x000000058a600000|  0%| F|  |TAMS 0x000000058a400000, 0x000000058a400000| Untracked 
|  83|0x000000058a600000, 0x000000058a600000, 0x000000058a800000|  0%| F|  |TAMS 0x000000058a600000, 0x000000058a600000| Untracked 
|  84|0x000000058a800000, 0x000000058a800000, 0x000000058aa00000|  0%| F|  |TAMS 0x000000058a800000, 0x000000058a800000| Untracked 
|  85|0x000000058aa00000, 0x000000058aa00000, 0x000000058ac00000|  0%| F|  |TAMS 0x000000058aa00000, 0x000000058aa00000| Untracked 
|  86|0x000000058ac00000, 0x000000058ac00000, 0x000000058ae00000|  0%| F|  |TAMS 0x000000058ac00000, 0x000000058ac00000| Untracked 
|  87|0x000000058ae00000, 0x000000058ae00000, 0x000000058b000000|  0%| F|  |TAMS 0x000000058ae00000, 0x000000058ae00000| Untracked 
|  88|0x000000058b000000, 0x000000058b000000, 0x000000058b200000|  0%| F|  |TAMS 0x000000058b000000, 0x000000058b000000| Untracked 
|  89|0x000000058b200000, 0x000000058b200000, 0x000000058b400000|  0%| F|  |TAMS 0x000000058b200000, 0x000000058b200000| Untracked 
|  90|0x000000058b400000, 0x000000058b400000, 0x000000058b600000|  0%| F|  |TAMS 0x000000058b400000, 0x000000058b400000| Untracked 
|  91|0x000000058b600000, 0x000000058b600000, 0x000000058b800000|  0%| F|  |TAMS 0x000000058b600000, 0x000000058b600000| Untracked 
|  92|0x000000058b800000, 0x000000058b800000, 0x000000058ba00000|  0%| F|  |TAMS 0x000000058b800000, 0x000000058b800000| Untracked 
|  93|0x000000058ba00000, 0x000000058ba00000, 0x000000058bc00000|  0%| F|  |TAMS 0x000000058ba00000, 0x000000058ba00000| Untracked 
|  94|0x000000058bc00000, 0x000000058bc00000, 0x000000058be00000|  0%| F|  |TAMS 0x000000058bc00000, 0x000000058bc00000| Untracked 
|  95|0x000000058be00000, 0x000000058be00000, 0x000000058c000000|  0%| F|  |TAMS 0x000000058be00000, 0x000000058be00000| Untracked 
|  96|0x000000058c000000, 0x000000058c000000, 0x000000058c200000|  0%| F|  |TAMS 0x000000058c000000, 0x000000058c000000| Untracked 
|  97|0x000000058c200000, 0x000000058c200000, 0x000000058c400000|  0%| F|  |TAMS 0x000000058c200000, 0x000000058c200000| Untracked 
|  98|0x000000058c400000, 0x000000058c400000, 0x000000058c600000|  0%| F|  |TAMS 0x000000058c400000, 0x000000058c400000| Untracked 
|  99|0x000000058c600000, 0x000000058c600000, 0x000000058c800000|  0%| F|  |TAMS 0x000000058c600000, 0x000000058c600000| Untracked 
| 100|0x000000058c800000, 0x000000058c800000, 0x000000058ca00000|  0%| F|  |TAMS 0x000000058c800000, 0x000000058c800000| Untracked 
| 101|0x000000058ca00000, 0x000000058ca00000, 0x000000058cc00000|  0%| F|  |TAMS 0x000000058ca00000, 0x000000058ca00000| Untracked 
| 102|0x000000058cc00000, 0x000000058cc00000, 0x000000058ce00000|  0%| F|  |TAMS 0x000000058cc00000, 0x000000058cc00000| Untracked 
| 103|0x000000058ce00000, 0x000000058ce00000, 0x000000058d000000|  0%| F|  |TAMS 0x000000058ce00000, 0x000000058ce00000| Untracked 
| 104|0x000000058d000000, 0x000000058d000000, 0x000000058d200000|  0%| F|  |TAMS 0x000000058d000000, 0x000000058d000000| Untracked 
| 105|0x000000058d200000, 0x000000058d200000, 0x000000058d400000|  0%| F|  |TAMS 0x000000058d200000, 0x000000058d200000| Untracked 
| 106|0x000000058d400000, 0x000000058d400000, 0x000000058d600000|  0%| F|  |TAMS 0x000000058d400000, 0x000000058d400000| Untracked 
| 107|0x000000058d600000, 0x000000058d600000, 0x000000058d800000|  0%| F|  |TAMS 0x000000058d600000, 0x000000058d600000| Untracked 
| 108|0x000000058d800000, 0x000000058d800000, 0x000000058da00000|  0%| F|  |TAMS 0x000000058d800000, 0x000000058d800000| Untracked 
| 109|0x000000058da00000, 0x000000058da00000, 0x000000058dc00000|  0%| F|  |TAMS 0x000000058da00000, 0x000000058da00000| Untracked 
| 110|0x000000058dc00000, 0x000000058dc00000, 0x000000058de00000|  0%| F|  |TAMS 0x000000058dc00000, 0x000000058dc00000| Untracked 
| 111|0x000000058de00000, 0x000000058de00000, 0x000000058e000000|  0%| F|  |TAMS 0x000000058de00000, 0x000000058de00000| Untracked 
| 112|0x000000058e000000, 0x000000058e000000, 0x000000058e200000|  0%| F|  |TAMS 0x000000058e000000, 0x000000058e000000| Untracked 
| 113|0x000000058e200000, 0x000000058e200000, 0x000000058e400000|  0%| F|  |TAMS 0x000000058e200000, 0x000000058e200000| Untracked 
| 114|0x000000058e400000, 0x000000058e400000, 0x000000058e600000|  0%| F|  |TAMS 0x000000058e400000, 0x000000058e400000| Untracked 
| 115|0x000000058e600000, 0x000000058e600000, 0x000000058e800000|  0%| F|  |TAMS 0x000000058e600000, 0x000000058e600000| Untracked 
| 116|0x000000058e800000, 0x000000058e800000, 0x000000058ea00000|  0%| F|  |TAMS 0x000000058e800000, 0x000000058e800000| Untracked 
| 117|0x000000058ea00000, 0x000000058ea00000, 0x000000058ec00000|  0%| F|  |TAMS 0x000000058ea00000, 0x000000058ea00000| Untracked 
| 118|0x000000058ec00000, 0x000000058ec00000, 0x000000058ee00000|  0%| F|  |TAMS 0x000000058ec00000, 0x000000058ec00000| Untracked 
| 119|0x000000058ee00000, 0x000000058ee00000, 0x000000058f000000|  0%| F|  |TAMS 0x000000058ee00000, 0x000000058ee00000| Untracked 
| 120|0x000000058f000000, 0x000000058f000000, 0x000000058f200000|  0%| F|  |TAMS 0x000000058f000000, 0x000000058f000000| Untracked 
| 121|0x000000058f200000, 0x000000058f200000, 0x000000058f400000|  0%| F|  |TAMS 0x000000058f200000, 0x000000058f200000| Untracked 
| 122|0x000000058f400000, 0x000000058f400000, 0x000000058f600000|  0%| F|  |TAMS 0x000000058f400000, 0x000000058f400000| Untracked 
| 123|0x000000058f600000, 0x000000058f600000, 0x000000058f800000|  0%| F|  |TAMS 0x000000058f600000, 0x000000058f600000| Untracked 
| 124|0x000000058f800000, 0x000000058f800000, 0x000000058fa00000|  0%| F|  |TAMS 0x000000058f800000, 0x000000058f800000| Untracked 
| 125|0x000000058fa00000, 0x000000058fa00000, 0x000000058fc00000|  0%| F|  |TAMS 0x000000058fa00000, 0x000000058fa00000| Untracked 
| 126|0x000000058fc00000, 0x000000058fc00000, 0x000000058fe00000|  0%| F|  |TAMS 0x000000058fc00000, 0x000000058fc00000| Untracked 
| 127|0x000000058fe00000, 0x000000058fe00000, 0x0000000590000000|  0%| F|  |TAMS 0x000000058fe00000, 0x000000058fe00000| Untracked 
| 128|0x0000000590000000, 0x0000000590000000, 0x0000000590200000|  0%| F|  |TAMS 0x0000000590000000, 0x0000000590000000| Untracked 
| 129|0x0000000590200000, 0x0000000590200000, 0x0000000590400000|  0%| F|  |TAMS 0x0000000590200000, 0x0000000590200000| Untracked 
| 130|0x0000000590400000, 0x0000000590400000, 0x0000000590600000|  0%| F|  |TAMS 0x0000000590400000, 0x0000000590400000| Untracked 
| 131|0x0000000590600000, 0x0000000590600000, 0x0000000590800000|  0%| F|  |TAMS 0x0000000590600000, 0x0000000590600000| Untracked 
| 132|0x0000000590800000, 0x0000000590800000, 0x0000000590a00000|  0%| F|  |TAMS 0x0000000590800000, 0x0000000590800000| Untracked 
| 133|0x0000000590a00000, 0x0000000590a00000, 0x0000000590c00000|  0%| F|  |TAMS 0x0000000590a00000, 0x0000000590a00000| Untracked 
| 134|0x0000000590c00000, 0x0000000590c00000, 0x0000000590e00000|  0%| F|  |TAMS 0x0000000590c00000, 0x0000000590c00000| Untracked 
| 135|0x0000000590e00000, 0x0000000590e00000, 0x0000000591000000|  0%| F|  |TAMS 0x0000000590e00000, 0x0000000590e00000| Untracked 
| 136|0x0000000591000000, 0x0000000591000000, 0x0000000591200000|  0%| F|  |TAMS 0x0000000591000000, 0x0000000591000000| Untracked 
| 137|0x0000000591200000, 0x0000000591200000, 0x0000000591400000|  0%| F|  |TAMS 0x0000000591200000, 0x0000000591200000| Untracked 
| 138|0x0000000591400000, 0x0000000591400000, 0x0000000591600000|  0%| F|  |TAMS 0x0000000591400000, 0x0000000591400000| Untracked 
| 139|0x0000000591600000, 0x0000000591600000, 0x0000000591800000|  0%| F|  |TAMS 0x0000000591600000, 0x0000000591600000| Untracked 
| 140|0x0000000591800000, 0x0000000591800000, 0x0000000591a00000|  0%| F|  |TAMS 0x0000000591800000, 0x0000000591800000| Untracked 
| 141|0x0000000591a00000, 0x0000000591a00000, 0x0000000591c00000|  0%| F|  |TAMS 0x0000000591a00000, 0x0000000591a00000| Untracked 
| 142|0x0000000591c00000, 0x0000000591c00000, 0x0000000591e00000|  0%| F|  |TAMS 0x0000000591c00000, 0x0000000591c00000| Untracked 
| 143|0x0000000591e00000, 0x0000000591e00000, 0x0000000592000000|  0%| F|  |TAMS 0x0000000591e00000, 0x0000000591e00000| Untracked 
| 144|0x0000000592000000, 0x0000000592000000, 0x0000000592200000|  0%| F|  |TAMS 0x0000000592000000, 0x0000000592000000| Untracked 
| 145|0x0000000592200000, 0x0000000592200000, 0x0000000592400000|  0%| F|  |TAMS 0x0000000592200000, 0x0000000592200000| Untracked 
| 146|0x0000000592400000, 0x0000000592400000, 0x0000000592600000|  0%| F|  |TAMS 0x0000000592400000, 0x0000000592400000| Untracked 
| 147|0x0000000592600000, 0x0000000592600000, 0x0000000592800000|  0%| F|  |TAMS 0x0000000592600000, 0x0000000592600000| Untracked 
| 148|0x0000000592800000, 0x0000000592800000, 0x0000000592a00000|  0%| F|  |TAMS 0x0000000592800000, 0x0000000592800000| Untracked 
| 149|0x0000000592a00000, 0x0000000592a00000, 0x0000000592c00000|  0%| F|  |TAMS 0x0000000592a00000, 0x0000000592a00000| Untracked 
| 150|0x0000000592c00000, 0x0000000592c00000, 0x0000000592e00000|  0%| F|  |TAMS 0x0000000592c00000, 0x0000000592c00000| Untracked 
| 151|0x0000000592e00000, 0x0000000592e00000, 0x0000000593000000|  0%| F|  |TAMS 0x0000000592e00000, 0x0000000592e00000| Untracked 
| 152|0x0000000593000000, 0x0000000593000000, 0x0000000593200000|  0%| F|  |TAMS 0x0000000593000000, 0x0000000593000000| Untracked 
| 153|0x0000000593200000, 0x0000000593200000, 0x0000000593400000|  0%| F|  |TAMS 0x0000000593200000, 0x0000000593200000| Untracked 
| 154|0x0000000593400000, 0x0000000593400000, 0x0000000593600000|  0%| F|  |TAMS 0x0000000593400000, 0x0000000593400000| Untracked 
| 155|0x0000000593600000, 0x0000000593600000, 0x0000000593800000|  0%| F|  |TAMS 0x0000000593600000, 0x0000000593600000| Untracked 
| 156|0x0000000593800000, 0x0000000593800000, 0x0000000593a00000|  0%| F|  |TAMS 0x0000000593800000, 0x0000000593800000| Untracked 
| 157|0x0000000593a00000, 0x0000000593a00000, 0x0000000593c00000|  0%| F|  |TAMS 0x0000000593a00000, 0x0000000593a00000| Untracked 
| 158|0x0000000593c00000, 0x0000000593c00000, 0x0000000593e00000|  0%| F|  |TAMS 0x0000000593c00000, 0x0000000593c00000| Untracked 
| 159|0x0000000593e00000, 0x0000000593e00000, 0x0000000594000000|  0%| F|  |TAMS 0x0000000593e00000, 0x0000000593e00000| Untracked 
| 160|0x0000000594000000, 0x0000000594000000, 0x0000000594200000|  0%| F|  |TAMS 0x0000000594000000, 0x0000000594000000| Untracked 
| 161|0x0000000594200000, 0x0000000594200000, 0x0000000594400000|  0%| F|  |TAMS 0x0000000594200000, 0x0000000594200000| Untracked 
| 162|0x0000000594400000, 0x0000000594400000, 0x0000000594600000|  0%| F|  |TAMS 0x0000000594400000, 0x0000000594400000| Untracked 
| 163|0x0000000594600000, 0x0000000594600000, 0x0000000594800000|  0%| F|  |TAMS 0x0000000594600000, 0x0000000594600000| Untracked 
| 164|0x0000000594800000, 0x0000000594800000, 0x0000000594a00000|  0%| F|  |TAMS 0x0000000594800000, 0x0000000594800000| Untracked 
| 165|0x0000000594a00000, 0x0000000594a00000, 0x0000000594c00000|  0%| F|  |TAMS 0x0000000594a00000, 0x0000000594a00000| Untracked 
| 166|0x0000000594c00000, 0x0000000594c00000, 0x0000000594e00000|  0%| F|  |TAMS 0x0000000594c00000, 0x0000000594c00000| Untracked 
| 167|0x0000000594e00000, 0x0000000594e00000, 0x0000000595000000|  0%| F|  |TAMS 0x0000000594e00000, 0x0000000594e00000| Untracked 
| 168|0x0000000595000000, 0x0000000595000000, 0x0000000595200000|  0%| F|  |TAMS 0x0000000595000000, 0x0000000595000000| Untracked 
| 169|0x0000000595200000, 0x0000000595200000, 0x0000000595400000|  0%| F|  |TAMS 0x0000000595200000, 0x0000000595200000| Untracked 
| 170|0x0000000595400000, 0x0000000595400000, 0x0000000595600000|  0%| F|  |TAMS 0x0000000595400000, 0x0000000595400000| Untracked 
| 171|0x0000000595600000, 0x0000000595600000, 0x0000000595800000|  0%| F|  |TAMS 0x0000000595600000, 0x0000000595600000| Untracked 
| 172|0x0000000595800000, 0x0000000595800000, 0x0000000595a00000|  0%| F|  |TAMS 0x0000000595800000, 0x0000000595800000| Untracked 
| 173|0x0000000595a00000, 0x0000000595a00000, 0x0000000595c00000|  0%| F|  |TAMS 0x0000000595a00000, 0x0000000595a00000| Untracked 
| 174|0x0000000595c00000, 0x0000000595c00000, 0x0000000595e00000|  0%| F|  |TAMS 0x0000000595c00000, 0x0000000595c00000| Untracked 
| 175|0x0000000595e00000, 0x0000000595e00000, 0x0000000596000000|  0%| F|  |TAMS 0x0000000595e00000, 0x0000000595e00000| Untracked 
| 176|0x0000000596000000, 0x0000000596000000, 0x0000000596200000|  0%| F|  |TAMS 0x0000000596000000, 0x0000000596000000| Untracked 
| 177|0x0000000596200000, 0x0000000596200000, 0x0000000596400000|  0%| F|  |TAMS 0x0000000596200000, 0x0000000596200000| Untracked 
| 178|0x0000000596400000, 0x0000000596400000, 0x0000000596600000|  0%| F|  |TAMS 0x0000000596400000, 0x0000000596400000| Untracked 
| 179|0x0000000596600000, 0x0000000596600000, 0x0000000596800000|  0%| F|  |TAMS 0x0000000596600000, 0x0000000596600000| Untracked 
| 180|0x0000000596800000, 0x0000000596800000, 0x0000000596a00000|  0%| F|  |TAMS 0x0000000596800000, 0x0000000596800000| Untracked 
| 181|0x0000000596a00000, 0x0000000596a00000, 0x0000000596c00000|  0%| F|  |TAMS 0x0000000596a00000, 0x0000000596a00000| Untracked 
| 182|0x0000000596c00000, 0x0000000596c00000, 0x0000000596e00000|  0%| F|  |TAMS 0x0000000596c00000, 0x0000000596c00000| Untracked 
| 183|0x0000000596e00000, 0x0000000596e00000, 0x0000000597000000|  0%| F|  |TAMS 0x0000000596e00000, 0x0000000596e00000| Untracked 
| 184|0x0000000597000000, 0x0000000597000000, 0x0000000597200000|  0%| F|  |TAMS 0x0000000597000000, 0x0000000597000000| Untracked 
| 185|0x0000000597200000, 0x0000000597200000, 0x0000000597400000|  0%| F|  |TAMS 0x0000000597200000, 0x0000000597200000| Untracked 
| 186|0x0000000597400000, 0x0000000597400000, 0x0000000597600000|  0%| F|  |TAMS 0x0000000597400000, 0x0000000597400000| Untracked 
| 187|0x0000000597600000, 0x0000000597600000, 0x0000000597800000|  0%| F|  |TAMS 0x0000000597600000, 0x0000000597600000| Untracked 
| 188|0x0000000597800000, 0x0000000597800000, 0x0000000597a00000|  0%| F|  |TAMS 0x0000000597800000, 0x0000000597800000| Untracked 
| 189|0x0000000597a00000, 0x0000000597a00000, 0x0000000597c00000|  0%| F|  |TAMS 0x0000000597a00000, 0x0000000597a00000| Untracked 
| 190|0x0000000597c00000, 0x0000000597c00000, 0x0000000597e00000|  0%| F|  |TAMS 0x0000000597c00000, 0x0000000597c00000| Untracked 
| 191|0x0000000597e00000, 0x0000000597e00000, 0x0000000598000000|  0%| F|  |TAMS 0x0000000597e00000, 0x0000000597e00000| Untracked 
| 192|0x0000000598000000, 0x0000000598000000, 0x0000000598200000|  0%| F|  |TAMS 0x0000000598000000, 0x0000000598000000| Untracked 
| 193|0x0000000598200000, 0x0000000598200000, 0x0000000598400000|  0%| F|  |TAMS 0x0000000598200000, 0x0000000598200000| Untracked 
| 194|0x0000000598400000, 0x0000000598400000, 0x0000000598600000|  0%| F|  |TAMS 0x0000000598400000, 0x0000000598400000| Untracked 
| 195|0x0000000598600000, 0x0000000598600000, 0x0000000598800000|  0%| F|  |TAMS 0x0000000598600000, 0x0000000598600000| Untracked 
| 196|0x0000000598800000, 0x0000000598800000, 0x0000000598a00000|  0%| F|  |TAMS 0x0000000598800000, 0x0000000598800000| Untracked 
| 197|0x0000000598a00000, 0x0000000598a00000, 0x0000000598c00000|  0%| F|  |TAMS 0x0000000598a00000, 0x0000000598a00000| Untracked 
| 198|0x0000000598c00000, 0x0000000598c00000, 0x0000000598e00000|  0%| F|  |TAMS 0x0000000598c00000, 0x0000000598c00000| Untracked 
| 199|0x0000000598e00000, 0x0000000598e00000, 0x0000000599000000|  0%| F|  |TAMS 0x0000000598e00000, 0x0000000598e00000| Untracked 
| 200|0x0000000599000000, 0x0000000599000000, 0x0000000599200000|  0%| F|  |TAMS 0x0000000599000000, 0x0000000599000000| Untracked 
| 201|0x0000000599200000, 0x0000000599200000, 0x0000000599400000|  0%| F|  |TAMS 0x0000000599200000, 0x0000000599200000| Untracked 
| 202|0x0000000599400000, 0x0000000599400000, 0x0000000599600000|  0%| F|  |TAMS 0x0000000599400000, 0x0000000599400000| Untracked 
| 203|0x0000000599600000, 0x0000000599600000, 0x0000000599800000|  0%| F|  |TAMS 0x0000000599600000, 0x0000000599600000| Untracked 
| 204|0x0000000599800000, 0x0000000599800000, 0x0000000599a00000|  0%| F|  |TAMS 0x0000000599800000, 0x0000000599800000| Untracked 
| 205|0x0000000599a00000, 0x0000000599a00000, 0x0000000599c00000|  0%| F|  |TAMS 0x0000000599a00000, 0x0000000599a00000| Untracked 
| 206|0x0000000599c00000, 0x0000000599c00000, 0x0000000599e00000|  0%| F|  |TAMS 0x0000000599c00000, 0x0000000599c00000| Untracked 
| 207|0x0000000599e00000, 0x0000000599e00000, 0x000000059a000000|  0%| F|  |TAMS 0x0000000599e00000, 0x0000000599e00000| Untracked 
| 208|0x000000059a000000, 0x000000059a000000, 0x000000059a200000|  0%| F|  |TAMS 0x000000059a000000, 0x000000059a000000| Untracked 
| 209|0x000000059a200000, 0x000000059a200000, 0x000000059a400000|  0%| F|  |TAMS 0x000000059a200000, 0x000000059a200000| Untracked 
| 210|0x000000059a400000, 0x000000059a400000, 0x000000059a600000|  0%| F|  |TAMS 0x000000059a400000, 0x000000059a400000| Untracked 
| 211|0x000000059a600000, 0x000000059a600000, 0x000000059a800000|  0%| F|  |TAMS 0x000000059a600000, 0x000000059a600000| Untracked 
| 212|0x000000059a800000, 0x000000059a800000, 0x000000059aa00000|  0%| F|  |TAMS 0x000000059a800000, 0x000000059a800000| Untracked 
| 213|0x000000059aa00000, 0x000000059aa00000, 0x000000059ac00000|  0%| F|  |TAMS 0x000000059aa00000, 0x000000059aa00000| Untracked 
| 214|0x000000059ac00000, 0x000000059ac00000, 0x000000059ae00000|  0%| F|  |TAMS 0x000000059ac00000, 0x000000059ac00000| Untracked 
| 215|0x000000059ae00000, 0x000000059ae00000, 0x000000059b000000|  0%| F|  |TAMS 0x000000059ae00000, 0x000000059ae00000| Untracked 
| 216|0x000000059b000000, 0x000000059b000000, 0x000000059b200000|  0%| F|  |TAMS 0x000000059b000000, 0x000000059b000000| Untracked 
| 217|0x000000059b200000, 0x000000059b200000, 0x000000059b400000|  0%| F|  |TAMS 0x000000059b200000, 0x000000059b200000| Untracked 
| 218|0x000000059b400000, 0x000000059b400000, 0x000000059b600000|  0%| F|  |TAMS 0x000000059b400000, 0x000000059b400000| Untracked 
| 219|0x000000059b600000, 0x000000059b600000, 0x000000059b800000|  0%| F|  |TAMS 0x000000059b600000, 0x000000059b600000| Untracked 
| 220|0x000000059b800000, 0x000000059b800000, 0x000000059ba00000|  0%| F|  |TAMS 0x000000059b800000, 0x000000059b800000| Untracked 
| 221|0x000000059ba00000, 0x000000059ba00000, 0x000000059bc00000|  0%| F|  |TAMS 0x000000059ba00000, 0x000000059ba00000| Untracked 
| 222|0x000000059bc00000, 0x000000059bc00000, 0x000000059be00000|  0%| F|  |TAMS 0x000000059bc00000, 0x000000059bc00000| Untracked 
| 223|0x000000059be00000, 0x000000059be00000, 0x000000059c000000|  0%| F|  |TAMS 0x000000059be00000, 0x000000059be00000| Untracked 
| 224|0x000000059c000000, 0x000000059c000000, 0x000000059c200000|  0%| F|  |TAMS 0x000000059c000000, 0x000000059c000000| Untracked 
| 225|0x000000059c200000, 0x000000059c200000, 0x000000059c400000|  0%| F|  |TAMS 0x000000059c200000, 0x000000059c200000| Untracked 
| 226|0x000000059c400000, 0x000000059c400000, 0x000000059c600000|  0%| F|  |TAMS 0x000000059c400000, 0x000000059c400000| Untracked 
| 227|0x000000059c600000, 0x000000059c600000, 0x000000059c800000|  0%| F|  |TAMS 0x000000059c600000, 0x000000059c600000| Untracked 
| 228|0x000000059c800000, 0x000000059c800000, 0x000000059ca00000|  0%| F|  |TAMS 0x000000059c800000, 0x000000059c800000| Untracked 
| 229|0x000000059ca00000, 0x000000059ca00000, 0x000000059cc00000|  0%| F|  |TAMS 0x000000059ca00000, 0x000000059ca00000| Untracked 
| 230|0x000000059cc00000, 0x000000059cc00000, 0x000000059ce00000|  0%| F|  |TAMS 0x000000059cc00000, 0x000000059cc00000| Untracked 
| 231|0x000000059ce00000, 0x000000059ce00000, 0x000000059d000000|  0%| F|  |TAMS 0x000000059ce00000, 0x000000059ce00000| Untracked 
| 232|0x000000059d000000, 0x000000059d000000, 0x000000059d200000|  0%| F|  |TAMS 0x000000059d000000, 0x000000059d000000| Untracked 
| 233|0x000000059d200000, 0x000000059d200000, 0x000000059d400000|  0%| F|  |TAMS 0x000000059d200000, 0x000000059d200000| Untracked 
| 234|0x000000059d400000, 0x000000059d400000, 0x000000059d600000|  0%| F|  |TAMS 0x000000059d400000, 0x000000059d400000| Untracked 
| 235|0x000000059d600000, 0x000000059d600000, 0x000000059d800000|  0%| F|  |TAMS 0x000000059d600000, 0x000000059d600000| Untracked 
| 236|0x000000059d800000, 0x000000059d800000, 0x000000059da00000|  0%| F|  |TAMS 0x000000059d800000, 0x000000059d800000| Untracked 
| 237|0x000000059da00000, 0x000000059da00000, 0x000000059dc00000|  0%| F|  |TAMS 0x000000059da00000, 0x000000059da00000| Untracked 
| 238|0x000000059dc00000, 0x000000059dc00000, 0x000000059de00000|  0%| F|  |TAMS 0x000000059dc00000, 0x000000059dc00000| Untracked 
| 239|0x000000059de00000, 0x000000059de00000, 0x000000059e000000|  0%| F|  |TAMS 0x000000059de00000, 0x000000059de00000| Untracked 
| 240|0x000000059e000000, 0x000000059e000000, 0x000000059e200000|  0%| F|  |TAMS 0x000000059e000000, 0x000000059e000000| Untracked 
| 241|0x000000059e200000, 0x000000059e200000, 0x000000059e400000|  0%| F|  |TAMS 0x000000059e200000, 0x000000059e200000| Untracked 
| 242|0x000000059e400000, 0x000000059e400000, 0x000000059e600000|  0%| F|  |TAMS 0x000000059e400000, 0x000000059e400000| Untracked 
| 243|0x000000059e600000, 0x000000059e600000, 0x000000059e800000|  0%| F|  |TAMS 0x000000059e600000, 0x000000059e600000| Untracked 
| 244|0x000000059e800000, 0x000000059e800000, 0x000000059ea00000|  0%| F|  |TAMS 0x000000059e800000, 0x000000059e800000| Untracked 
| 245|0x000000059ea00000, 0x000000059ea00000, 0x000000059ec00000|  0%| F|  |TAMS 0x000000059ea00000, 0x000000059ea00000| Untracked 
| 246|0x000000059ec00000, 0x000000059ec00000, 0x000000059ee00000|  0%| F|  |TAMS 0x000000059ec00000, 0x000000059ec00000| Untracked 
| 247|0x000000059ee00000, 0x000000059ee00000, 0x000000059f000000|  0%| F|  |TAMS 0x000000059ee00000, 0x000000059ee00000| Untracked 
| 248|0x000000059f000000, 0x000000059f000000, 0x000000059f200000|  0%| F|  |TAMS 0x000000059f000000, 0x000000059f000000| Untracked 
| 249|0x000000059f200000, 0x000000059f200000, 0x000000059f400000|  0%| F|  |TAMS 0x000000059f200000, 0x000000059f200000| Untracked 
| 250|0x000000059f400000, 0x000000059f400000, 0x000000059f600000|  0%| F|  |TAMS 0x000000059f400000, 0x000000059f400000| Untracked 
| 251|0x000000059f600000, 0x000000059f600000, 0x000000059f800000|  0%| F|  |TAMS 0x000000059f600000, 0x000000059f600000| Untracked 
| 252|0x000000059f800000, 0x000000059f800000, 0x000000059fa00000|  0%| F|  |TAMS 0x000000059f800000, 0x000000059f800000| Untracked 
| 253|0x000000059fa00000, 0x000000059fa00000, 0x000000059fc00000|  0%| F|  |TAMS 0x000000059fa00000, 0x000000059fa00000| Untracked 
| 254|0x000000059fc00000, 0x000000059fc00000, 0x000000059fe00000|  0%| F|  |TAMS 0x000000059fc00000, 0x000000059fc00000| Untracked 
| 255|0x000000059fe00000, 0x000000059fe00000, 0x00000005a0000000|  0%| F|  |TAMS 0x000000059fe00000, 0x000000059fe00000| Untracked 
| 256|0x00000005a0000000, 0x00000005a0000000, 0x00000005a0200000|  0%| F|  |TAMS 0x00000005a0000000, 0x00000005a0000000| Untracked 
| 257|0x00000005a0200000, 0x00000005a0200000, 0x00000005a0400000|  0%| F|  |TAMS 0x00000005a0200000, 0x00000005a0200000| Untracked 
| 258|0x00000005a0400000, 0x00000005a0400000, 0x00000005a0600000|  0%| F|  |TAMS 0x00000005a0400000, 0x00000005a0400000| Untracked 
| 259|0x00000005a0600000, 0x00000005a0600000, 0x00000005a0800000|  0%| F|  |TAMS 0x00000005a0600000, 0x00000005a0600000| Untracked 
| 260|0x00000005a0800000, 0x00000005a0800000, 0x00000005a0a00000|  0%| F|  |TAMS 0x00000005a0800000, 0x00000005a0800000| Untracked 
| 261|0x00000005a0a00000, 0x00000005a0a00000, 0x00000005a0c00000|  0%| F|  |TAMS 0x00000005a0a00000, 0x00000005a0a00000| Untracked 
| 262|0x00000005a0c00000, 0x00000005a0c00000, 0x00000005a0e00000|  0%| F|  |TAMS 0x00000005a0c00000, 0x00000005a0c00000| Untracked 
| 263|0x00000005a0e00000, 0x00000005a0e00000, 0x00000005a1000000|  0%| F|  |TAMS 0x00000005a0e00000, 0x00000005a0e00000| Untracked 
| 264|0x00000005a1000000, 0x00000005a1000000, 0x00000005a1200000|  0%| F|  |TAMS 0x00000005a1000000, 0x00000005a1000000| Untracked 
| 265|0x00000005a1200000, 0x00000005a1200000, 0x00000005a1400000|  0%| F|  |TAMS 0x00000005a1200000, 0x00000005a1200000| Untracked 
| 266|0x00000005a1400000, 0x00000005a1400000, 0x00000005a1600000|  0%| F|  |TAMS 0x00000005a1400000, 0x00000005a1400000| Untracked 
| 267|0x00000005a1600000, 0x00000005a1600000, 0x00000005a1800000|  0%| F|  |TAMS 0x00000005a1600000, 0x00000005a1600000| Untracked 
| 268|0x00000005a1800000, 0x00000005a1800000, 0x00000005a1a00000|  0%| F|  |TAMS 0x00000005a1800000, 0x00000005a1800000| Untracked 
| 269|0x00000005a1a00000, 0x00000005a1a00000, 0x00000005a1c00000|  0%| F|  |TAMS 0x00000005a1a00000, 0x00000005a1a00000| Untracked 
| 270|0x00000005a1c00000, 0x00000005a1c00000, 0x00000005a1e00000|  0%| F|  |TAMS 0x00000005a1c00000, 0x00000005a1c00000| Untracked 
| 271|0x00000005a1e00000, 0x00000005a1e00000, 0x00000005a2000000|  0%| F|  |TAMS 0x00000005a1e00000, 0x00000005a1e00000| Untracked 
| 272|0x00000005a2000000, 0x00000005a2000000, 0x00000005a2200000|  0%| F|  |TAMS 0x00000005a2000000, 0x00000005a2000000| Untracked 
| 273|0x00000005a2200000, 0x00000005a2200000, 0x00000005a2400000|  0%| F|  |TAMS 0x00000005a2200000, 0x00000005a2200000| Untracked 
| 274|0x00000005a2400000, 0x00000005a2400000, 0x00000005a2600000|  0%| F|  |TAMS 0x00000005a2400000, 0x00000005a2400000| Untracked 
| 275|0x00000005a2600000, 0x00000005a2600000, 0x00000005a2800000|  0%| F|  |TAMS 0x00000005a2600000, 0x00000005a2600000| Untracked 
| 276|0x00000005a2800000, 0x00000005a2800000, 0x00000005a2a00000|  0%| F|  |TAMS 0x00000005a2800000, 0x00000005a2800000| Untracked 
| 277|0x00000005a2a00000, 0x00000005a2a00000, 0x00000005a2c00000|  0%| F|  |TAMS 0x00000005a2a00000, 0x00000005a2a00000| Untracked 
| 278|0x00000005a2c00000, 0x00000005a2c00000, 0x00000005a2e00000|  0%| F|  |TAMS 0x00000005a2c00000, 0x00000005a2c00000| Untracked 
| 279|0x00000005a2e00000, 0x00000005a2e00000, 0x00000005a3000000|  0%| F|  |TAMS 0x00000005a2e00000, 0x00000005a2e00000| Untracked 
| 280|0x00000005a3000000, 0x00000005a3000000, 0x00000005a3200000|  0%| F|  |TAMS 0x00000005a3000000, 0x00000005a3000000| Untracked 
| 281|0x00000005a3200000, 0x00000005a3200000, 0x00000005a3400000|  0%| F|  |TAMS 0x00000005a3200000, 0x00000005a3200000| Untracked 
| 282|0x00000005a3400000, 0x00000005a3400000, 0x00000005a3600000|  0%| F|  |TAMS 0x00000005a3400000, 0x00000005a3400000| Untracked 
| 283|0x00000005a3600000, 0x00000005a3600000, 0x00000005a3800000|  0%| F|  |TAMS 0x00000005a3600000, 0x00000005a3600000| Untracked 
| 284|0x00000005a3800000, 0x00000005a3800000, 0x00000005a3a00000|  0%| F|  |TAMS 0x00000005a3800000, 0x00000005a3800000| Untracked 
| 285|0x00000005a3a00000, 0x00000005a3a00000, 0x00000005a3c00000|  0%| F|  |TAMS 0x00000005a3a00000, 0x00000005a3a00000| Untracked 
| 286|0x00000005a3c00000, 0x00000005a3c00000, 0x00000005a3e00000|  0%| F|  |TAMS 0x00000005a3c00000, 0x00000005a3c00000| Untracked 
| 287|0x00000005a3e00000, 0x00000005a3e00000, 0x00000005a4000000|  0%| F|  |TAMS 0x00000005a3e00000, 0x00000005a3e00000| Untracked 
| 288|0x00000005a4000000, 0x00000005a4000000, 0x00000005a4200000|  0%| F|  |TAMS 0x00000005a4000000, 0x00000005a4000000| Untracked 
| 289|0x00000005a4200000, 0x00000005a4200000, 0x00000005a4400000|  0%| F|  |TAMS 0x00000005a4200000, 0x00000005a4200000| Untracked 
| 290|0x00000005a4400000, 0x00000005a4400000, 0x00000005a4600000|  0%| F|  |TAMS 0x00000005a4400000, 0x00000005a4400000| Untracked 
| 291|0x00000005a4600000, 0x00000005a4600000, 0x00000005a4800000|  0%| F|  |TAMS 0x00000005a4600000, 0x00000005a4600000| Untracked 
| 292|0x00000005a4800000, 0x00000005a4800000, 0x00000005a4a00000|  0%| F|  |TAMS 0x00000005a4800000, 0x00000005a4800000| Untracked 
| 293|0x00000005a4a00000, 0x00000005a4a00000, 0x00000005a4c00000|  0%| F|  |TAMS 0x00000005a4a00000, 0x00000005a4a00000| Untracked 
| 294|0x00000005a4c00000, 0x00000005a4c00000, 0x00000005a4e00000|  0%| F|  |TAMS 0x00000005a4c00000, 0x00000005a4c00000| Untracked 
| 295|0x00000005a4e00000, 0x00000005a4e00000, 0x00000005a5000000|  0%| F|  |TAMS 0x00000005a4e00000, 0x00000005a4e00000| Untracked 
| 296|0x00000005a5000000, 0x00000005a5000000, 0x00000005a5200000|  0%| F|  |TAMS 0x00000005a5000000, 0x00000005a5000000| Untracked 
| 297|0x00000005a5200000, 0x00000005a5200000, 0x00000005a5400000|  0%| F|  |TAMS 0x00000005a5200000, 0x00000005a5200000| Untracked 
| 298|0x00000005a5400000, 0x00000005a5400000, 0x00000005a5600000|  0%| F|  |TAMS 0x00000005a5400000, 0x00000005a5400000| Untracked 
| 299|0x00000005a5600000, 0x00000005a5600000, 0x00000005a5800000|  0%| F|  |TAMS 0x00000005a5600000, 0x00000005a5600000| Untracked 
| 300|0x00000005a5800000, 0x00000005a5800000, 0x00000005a5a00000|  0%| F|  |TAMS 0x00000005a5800000, 0x00000005a5800000| Untracked 
| 301|0x00000005a5a00000, 0x00000005a5a00000, 0x00000005a5c00000|  0%| F|  |TAMS 0x00000005a5a00000, 0x00000005a5a00000| Untracked 
| 302|0x00000005a5c00000, 0x00000005a5d876e0, 0x00000005a5e00000| 76%| S|CS|TAMS 0x00000005a5c00000, 0x00000005a5c00000| Complete 
| 303|0x00000005a5e00000, 0x00000005a6000000, 0x00000005a6000000|100%| S|CS|TAMS 0x00000005a5e00000, 0x00000005a5e00000| Complete 
| 304|0x00000005a6000000, 0x00000005a6000000, 0x00000005a6200000|  0%| F|  |TAMS 0x00000005a6000000, 0x00000005a6000000| Untracked 
| 305|0x00000005a6200000, 0x00000005a6200000, 0x00000005a6400000|  0%| F|  |TAMS 0x00000005a6200000, 0x00000005a6200000| Untracked 
| 306|0x00000005a6400000, 0x00000005a6400000, 0x00000005a6600000|  0%| F|  |TAMS 0x00000005a6400000, 0x00000005a6400000| Untracked 
| 307|0x00000005a6600000, 0x00000005a6600000, 0x00000005a6800000|  0%| F|  |TAMS 0x00000005a6600000, 0x00000005a6600000| Untracked 
| 308|0x00000005a6800000, 0x00000005a6800000, 0x00000005a6a00000|  0%| F|  |TAMS 0x00000005a6800000, 0x00000005a6800000| Untracked 
| 309|0x00000005a6a00000, 0x00000005a6a00000, 0x00000005a6c00000|  0%| F|  |TAMS 0x00000005a6a00000, 0x00000005a6a00000| Untracked 
| 310|0x00000005a6c00000, 0x00000005a6c00000, 0x00000005a6e00000|  0%| F|  |TAMS 0x00000005a6c00000, 0x00000005a6c00000| Untracked 
| 311|0x00000005a6e00000, 0x00000005a6e00000, 0x00000005a7000000|  0%| F|  |TAMS 0x00000005a6e00000, 0x00000005a6e00000| Untracked 
| 312|0x00000005a7000000, 0x00000005a7000000, 0x00000005a7200000|  0%| F|  |TAMS 0x00000005a7000000, 0x00000005a7000000| Untracked 
| 313|0x00000005a7200000, 0x00000005a7200000, 0x00000005a7400000|  0%| F|  |TAMS 0x00000005a7200000, 0x00000005a7200000| Untracked 
| 314|0x00000005a7400000, 0x00000005a7400000, 0x00000005a7600000|  0%| F|  |TAMS 0x00000005a7400000, 0x00000005a7400000| Untracked 
| 315|0x00000005a7600000, 0x00000005a7600000, 0x00000005a7800000|  0%| F|  |TAMS 0x00000005a7600000, 0x00000005a7600000| Untracked 
| 316|0x00000005a7800000, 0x00000005a7800000, 0x00000005a7a00000|  0%| F|  |TAMS 0x00000005a7800000, 0x00000005a7800000| Untracked 
| 317|0x00000005a7a00000, 0x00000005a7b574e8, 0x00000005a7c00000| 67%| E|  |TAMS 0x00000005a7a00000, 0x00000005a7a00000| Complete 
| 318|0x00000005a7c00000, 0x00000005a7e00000, 0x00000005a7e00000|100%| E|CS|TAMS 0x00000005a7c00000, 0x00000005a7c00000| Complete 
| 319|0x00000005a7e00000, 0x00000005a8000000, 0x00000005a8000000|100%| E|CS|TAMS 0x00000005a7e00000, 0x00000005a7e00000| Complete 

Card table byte_map: [0x000000010dbc5000,0x000000010efc5000] _byte_map_base: 0x000000010afc5000

Marking Bits (Prev, Next): (CMBitMap*) 0x00007feb78029218, (CMBitMap*) 0x00007feb78029250
 Prev Bits: [0x000000012a938000, 0x0000000134938000)
 Next Bits: [0x0000000134938000, 0x000000013e938000)

Polling page: 0x000000010ad78000

Metaspace:

Usage:
  Non-class:     15.60 MB capacity,    15.31 MB ( 98%) used,   245.80 KB (  2%) free+waste,    56.06 KB ( <1%) overhead. 
      Class:      2.24 MB capacity,     2.02 MB ( 90%) used,   195.80 KB (  9%) free+waste,    29.56 KB (  1%) overhead. 
       Both:     17.84 MB capacity,    17.33 MB ( 97%) used,   441.60 KB (  2%) free+waste,    85.62 KB ( <1%) overhead. 

Virtual space:
  Non-class space:       16.00 MB reserved,      15.75 MB ( 98%) committed 
      Class space:        1.00 GB reserved,       2.25 MB ( <1%) committed 
             Both:        1.02 GB reserved,      18.00 MB (  2%) committed 

Chunk freelists:
   Non-Class:  5.25 KB
       Class:  1.50 KB
        Both:  6.75 KB

CodeHeap 'non-profiled nmethods': size=120032Kb used=395Kb max_used=395Kb free=119636Kb
 bounds [0x0000000123400000, 0x0000000123670000, 0x000000012a938000]
CodeHeap 'profiled nmethods': size=120032Kb used=1942Kb max_used=1942Kb free=118089Kb
 bounds [0x000000011bec8000, 0x000000011c138000, 0x0000000123400000]
CodeHeap 'non-nmethods': size=5696Kb used=1243Kb max_used=1248Kb free=4452Kb
 bounds [0x000000011b938000, 0x000000011bba8000, 0x000000011bec8000]
 total_blobs=2001 nmethods=1106 adapters=551
 compilation: enabled
              stopped_count=0, restarted_count=0
 full_count=0

Compilation events (10 events):
Event: 1.136 Thread 0x00007feb781bb000 1104       3       java.io.BufferedInputStream::read1 (108 bytes)
Event: 1.137 Thread 0x00007feb781bb000 nmethod 1104 0x000000011c0ab190 code [0x000000011c0ab3e0, 0x000000011c0abd18]
Event: 1.137 Thread 0x00007feb781bb000 1099       3       java.lang.String::<init> (74 bytes)
Event: 1.137 Thread 0x00007feb781bb000 nmethod 1099 0x000000011c0ac010 code [0x000000011c0ac220, 0x000000011c0ac8f8]
Event: 1.137 Thread 0x00007feb781bb000 1100       3       java.lang.StringUTF16::compress (20 bytes)
Event: 1.137 Thread 0x00007feb781bb000 nmethod 1100 0x000000011c0acb90 code [0x000000011c0acd60, 0x000000011c0acfe8]
Event: 1.137 Thread 0x00007feb781bb000 1102       3       java.io.DataInputStream::readUTF (5 bytes)
Event: 1.137 Thread 0x00007feb781bb000 nmethod 1102 0x000000011c0ad090 code [0x000000011c0ad240, 0x000000011c0ad3c8]
Event: 1.147 Thread 0x00007feb781bb000 1107       3       sun.util.locale.LocaleUtils::isUpper (18 bytes)
Event: 1.147 Thread 0x00007feb781bb000 nmethod 1107 0x000000011c0ad490 code [0x000000011c0ad640, 0x000000011c0ad810]

GC Heap History (2 events):
Event: 0.961 GC heap before
{Heap before GC invocations=0 (full 0):
 garbage-first heap   total 655360K, used 30720K [0x0000000580000000, 0x0000000800000000)
  region size 2048K, 16 young (32768K), 0 survivors (0K)
 Metaspace       used 15963K, capacity 16450K, committed 16768K, reserved 1064960K
  class space    used 1833K, capacity 2050K, committed 2176K, reserved 1048576K
}
Event: 0.966 GC heap after
{Heap after GC invocations=1 (full 0):
 garbage-first heap   total 655360K, used 3613K [0x0000000580000000, 0x0000000800000000)
  region size 2048K, 2 young (4096K), 2 survivors (4096K)
 Metaspace       used 15963K, capacity 16450K, committed 16768K, reserved 1064960K
  class space    used 1833K, capacity 2050K, committed 2176K, reserved 1048576K
}

Deoptimization events (10 events):
Event: 0.235 Thread 0x00007feb78009800 Uncommon trap: reason=unstable_if action=reinterpret pc=0x0000000123412294 method=java.lang.String.substring(II)Ljava/lang/String; @ 22 c2
Event: 0.427 Thread 0x00007feb78982000 Uncommon trap: reason=unstable_if action=reinterpret pc=0x0000000123416aec method=java.lang.String.replace(CC)Ljava/lang/String; @ 2 c2
Event: 0.450 Thread 0x00007feb78982000 Uncommon trap: reason=unstable_if action=reinterpret pc=0x000000012341f09c method=java.lang.StringLatin1.indexOf([BII)I @ 23 c2
Event: 0.450 Thread 0x00007feb78982000 Uncommon trap: reason=unstable_if action=reinterpret pc=0x00000001234110e8 method=jdk.internal.module.Checks.isJavaIdentifier(Ljava/lang/CharSequence;)Z @ 6 c2
Event: 0.697 Thread 0x00007feb671bc800 Uncommon trap: reason=class_check action=maybe_recompile pc=0x000000012341a2c4 method=java.util.HashMap.putVal(ILjava/lang/Object;Ljava/lang/Object;ZZ)Ljava/lang/Object; @ 91 c2
Event: 0.698 Thread 0x00007feb671bc800 Uncommon trap: reason=class_check action=maybe_recompile pc=0x000000012341a2c4 method=java.util.HashMap.putVal(ILjava/lang/Object;Ljava/lang/Object;ZZ)Ljava/lang/Object; @ 91 c2
Event: 0.698 Thread 0x00007feb671bc800 Uncommon trap: reason=class_check action=maybe_recompile pc=0x000000012341a2c4 method=java.util.HashMap.putVal(ILjava/lang/Object;Ljava/lang/Object;ZZ)Ljava/lang/Object; @ 91 c2
Event: 0.698 Thread 0x00007feb671bc800 Uncommon trap: reason=class_check action=maybe_recompile pc=0x000000012341a2c4 method=java.util.HashMap.putVal(ILjava/lang/Object;Ljava/lang/Object;ZZ)Ljava/lang/Object; @ 91 c2
Event: 0.742 Thread 0x00007feb78009800 Uncommon trap: reason=unstable_if action=reinterpret pc=0x0000000123438334 method=jdk.internal.org.objectweb.asm.Type.getArgumentsAndReturnSizes(Ljava/lang/String;)I @ 88 c2
Event: 1.019 Thread 0x00007feb671bc800 Uncommon trap: reason=unstable_if action=reinterpret pc=0x00000001234269d4 method=java.lang.StringLatin1.canEncode(I)Z @ 4 c2

Classes redefined (0 events):
No events

Internal exceptions (10 events):
Event: 0.783 Thread 0x00007feb671bc800 Exception <a 'java/lang/NoSuchMethodError'{0x00000005a682cf78}: java.lang.invoke.DirectMethodHandle$Holder.invokeStatic(Ljava/lang/Object;Ljava/lang/Object;Ljava/lang/Object;Ljava/lang/Object;I)Ljava/lang/Object;> (0x00000005a682cf78) thrown at [/scratch/
Event: 0.791 Thread 0x00007feb671bc800 Exception <a 'sun/nio/fs/UnixException'{0x00000005a689e7b0}> (0x00000005a689e7b0) thrown at [/scratch/mesos/slaves/62fa45a9-5cd4-454d-8a8a-6602ff6286e3-S178/frameworks/1735e8a2-a1db-478c-8104-60c8b0af87dd-0196/executors/d499fc30-2fcc-4cd1-a8a8-89674f0e899
Event: 0.837 Thread 0x00007feb671bc800 Exception <a 'java/lang/NoSuchMethodError'{0x00000005a67863b8}: java.lang.invoke.DirectMethodHandle$Holder.invokeStaticInit(Ljava/lang/Object;Ljava/lang/Object;Ljava/lang/Object;Ljava/lang/Object;)Ljava/lang/Object;> (0x00000005a67863b8) thrown at [/scrat
Event: 0.839 Thread 0x00007feb671bc800 Exception <a 'java/lang/NullPointerException'{0x00000005a6797458}> (0x00000005a6797458) thrown at [/scratch/mesos/slaves/62fa45a9-5cd4-454d-8a8a-6602ff6286e3-S178/frameworks/1735e8a2-a1db-478c-8104-60c8b0af87dd-0196/executors/d499fc30-2fcc-4cd1-a8a8-89674
Event: 0.839 Thread 0x00007feb671bc800 Exception <a 'java/lang/NullPointerException'{0x00000005a6797458}> (0x00000005a6797458) thrown at [/scratch/mesos/slaves/62fa45a9-5cd4-454d-8a8a-6602ff6286e3-S178/frameworks/1735e8a2-a1db-478c-8104-60c8b0af87dd-0196/executors/d499fc30-2fcc-4cd1-a8a8-89674
Event: 0.843 Thread 0x00007feb671bc800 Exception <a 'java/lang/NoSuchMethodError'{0x00000005a67cc910}: java.lang.invoke.DirectMethodHandle$Holder.invokeSpecial(Ljava/lang/Object;Ljava/lang/Object;Ljava/lang/Object;Ljava/lang/Object;Ljava/lang/Object;)V> (0x00000005a67cc910) thrown at [/scratch
Event: 0.877 Thread 0x00007feb671bc800 Exception <a 'java/lang/NoSuchMethodError'{0x00000005a65930e0}: java.lang.invoke.DirectMethodHandle$Holder.invokeSpecial(Ljava/lang/Object;Ljava/lang/Object;Ljava/lang/Object;ILjava/lang/Object;)Ljava/lang/Object;> (0x00000005a65930e0) thrown at [/scratch
Event: 0.878 Thread 0x00007feb671bc800 Exception <a 'java/lang/NoSuchMethodError'{0x00000005a659d080}: java.lang.invoke.Invokers$Holder.linkToTargetMethod(Ljava/lang/Object;ILjava/lang/Object;Ljava/lang/Object;)Ljava/lang/Object;> (0x00000005a659d080) thrown at [/scratch/mesos/slaves/62fa45a9-
Event: 0.905 Thread 0x00007feb671bc800 Exception <a 'sun/nio/fs/UnixException'{0x00000005a63672f0}> (0x00000005a63672f0) thrown at [/scratch/mesos/slaves/62fa45a9-5cd4-454d-8a8a-6602ff6286e3-S178/frameworks/1735e8a2-a1db-478c-8104-60c8b0af87dd-0196/executors/d499fc30-2fcc-4cd1-a8a8-89674f0e899
Event: 1.079 Thread 0x00007feb671bc800 Exception <a 'java/lang/NoSuchMethodError'{0x00000005a7d26340}: java.lang.invoke.Invokers$Holder.linkToTargetMethod(Ljava/lang/Object;ILjava/lang/Object;)Ljava/lang/Object;> (0x00000005a7d26340) thrown at [/scratch/mesos/slaves/62fa45a9-5cd4-454d-8a8a-660

Events (10 events):
Event: 1.147 loading class sun/util/cldr/CLDRBaseLocaleDataMetaInfo done
Event: 1.147 loading class sun/util/locale/ParseStatus
Event: 1.147 loading class sun/util/locale/ParseStatus done
Event: 1.147 loading class sun/util/locale/StringTokenIterator
Event: 1.147 loading class sun/util/locale/StringTokenIterator done
Event: 1.147 loading class sun/util/cldr/CLDRLocaleProviderAdapter$1
Event: 1.147 loading class sun/util/cldr/CLDRLocaleProviderAdapter$1 done
Event: 1.152 Executing VM operation: RevokeBias
Event: 1.154 Executing VM operation: RevokeBias done
Event: 1.156 Executing VM operation: RevokeBias


Dynamic libraries:
0x00007ff81cd12000 	/System/Library/Frameworks/Cocoa.framework/Versions/A/Cocoa
0x00007ff80898b000 	/System/Library/Frameworks/AppKit.framework/Versions/C/AppKit
0x00007ff80be96000 	/System/Library/Frameworks/CoreData.framework/Versions/A/CoreData
0x00007ff806d97000 	/System/Library/Frameworks/Foundation.framework/Versions/C/Foundation
0x00007ff810cb7000 	/usr/lib/libSystem.B.dylib
0x00007ff809819000 	/System/Library/PrivateFrameworks/UIFoundation.framework/Versions/A/UIFoundation
0x00007ff816c18000 	/System/Library/PrivateFrameworks/RemoteViewServices.framework/Versions/A/RemoteViewServices
0x00007ff80ef02000 	/System/Library/PrivateFrameworks/XCTTargetBootstrap.framework/Versions/A/XCTTargetBootstrap
0x00007ff812abe000 	/System/Library/PrivateFrameworks/InternationalSupport.framework/Versions/A/InternationalSupport
0x00007ff812b48000 	/System/Library/PrivateFrameworks/UserActivity.framework/Versions/A/UserActivity
0x00007ff811e9e000 	/usr/lib/libspindump.dylib
0x00007ff809aa7000 	/System/Library/Frameworks/UniformTypeIdentifiers.framework/Versions/A/UniformTypeIdentifiers
0x00007ff80d62b000 	/usr/lib/libapp_launch_measurement.dylib
0x00007ff80c866000 	/System/Library/PrivateFrameworks/CoreAnalytics.framework/Versions/A/CoreAnalytics
0x00007ff80d62e000 	/System/Library/PrivateFrameworks/CoreAutoLayout.framework/Versions/A/CoreAutoLayout
0x00007ff80e85c000 	/System/Library/Frameworks/Metal.framework/Versions/A/Metal
0x00007ff80f588000 	/usr/lib/liblangid.dylib
0x00007ff80ef07000 	/System/Library/PrivateFrameworks/CoreSVG.framework/Versions/A/CoreSVG
0x00007ff80ae8e000 	/System/Library/PrivateFrameworks/SkyLight.framework/Versions/A/SkyLight
0x00007ff80b22c000 	/System/Library/Frameworks/CoreGraphics.framework/Versions/A/CoreGraphics
0x00007ff8172d8000 	/System/Library/Frameworks/Accelerate.framework/Versions/A/Accelerate
0x00007ff81191d000 	/System/Library/PrivateFrameworks/IconServices.framework/Versions/A/IconServices
0x00007ff80e841000 	/System/Library/Frameworks/IOSurface.framework/Versions/A/IOSurface
0x00007ff80c894000 	/usr/lib/libDiagnosticMessagesClient.dylib
0x00007ff810bd7000 	/usr/lib/libz.1.dylib
0x00007ff81a9bb000 	/System/Library/Frameworks/ApplicationServices.framework/Versions/A/ApplicationServices
0x00007ff80eeee000 	/System/Library/PrivateFrameworks/DFRFoundation.framework/Versions/A/DFRFoundation
0x00007ff808273000 	/usr/lib/libicucore.A.dylib
0x00007ff8138b3000 	/System/Library/Frameworks/AudioToolbox.framework/Versions/A/AudioToolbox
0x00007ff812aca000 	/System/Library/PrivateFrameworks/DataDetectorsCore.framework/Versions/A/DataDetectorsCore
0x00007ff90ea57000 	/System/Library/PrivateFrameworks/TextInput.framework/Versions/A/TextInput
0x00007ff80ae11000 	/usr/lib/libMobileGestalt.dylib
0x00007ff80ebfa000 	/System/Library/Frameworks/Carbon.framework/Versions/A/Frameworks/HIToolbox.framework/Versions/A/HIToolbox
0x00007ff80d031000 	/System/Library/Frameworks/QuartzCore.framework/Versions/A/QuartzCore
0x00007ff807f1a000 	/System/Library/Frameworks/Security.framework/Versions/A/Security
0x00007ff816c50000 	/System/Library/Frameworks/Carbon.framework/Versions/A/Frameworks/SpeechRecognition.framework/Versions/A/SpeechRecognition
0x00007ff80d38b000 	/System/Library/PrivateFrameworks/CoreUI.framework/Versions/A/CoreUI
0x00007ff8077e6000 	/System/Library/Frameworks/CoreAudio.framework/Versions/A/CoreAudio
0x00007ff80c983000 	/System/Library/Frameworks/DiskArbitration.framework/Versions/A/DiskArbitration
0x00007ff81228c000 	/System/Library/PrivateFrameworks/MultitouchSupport.framework/Versions/A/MultitouchSupport
0x00007ff80ae10000 	/usr/lib/libenergytrace.dylib
0x00007ff808877000 	/System/Library/Frameworks/IOKit.framework/Versions/A/IOKit
0x00007ff817040000 	/System/Library/Frameworks/CoreServices.framework/Versions/A/CoreServices
0x00007ff80d5c5000 	/System/Library/PrivateFrameworks/PerformanceAnalysis.framework/Versions/A/PerformanceAnalysis
0x00007ffa1df7b000 	/System/Library/Frameworks/OpenGL.framework/Versions/A/OpenGL
0x00007ff8101f1000 	/System/Library/PrivateFrameworks/MobileKeyBag.framework/Versions/A/MobileKeyBag
0x00007ff805d67000 	/usr/lib/libobjc.A.dylib
0x00007ff80b8f7000 	/System/Library/Frameworks/ColorSync.framework/Versions/A/ColorSync
0x00007ff805f25000 	/System/Library/Frameworks/CoreFoundation.framework/Versions/A/CoreFoundation
0x00007ff80f17e000 	/System/Library/Frameworks/CoreImage.framework/Versions/A/CoreImage
0x00007ff8075fe000 	/System/Library/Frameworks/CoreText.framework/Versions/A/CoreText
0x00007ff80ef37000 	/System/Library/Frameworks/ImageIO.framework/Versions/A/ImageIO
0x00007ff810cbd000 	/System/Library/PrivateFrameworks/SoftLinking.framework/Versions/A/SoftLinking
0x00007ff80d676000 	/usr/lib/libxml2.2.dylib
0x00007ff805e31000 	/usr/lib/libc++.1.dylib
0x00007ff810f41000 	/usr/lib/libcompression.dylib
0x00007ff8129f1000 	/System/Library/PrivateFrameworks/TextureIO.framework/Versions/A/TextureIO
0x00007ff81162f000 	/usr/lib/libate.dylib
0x00007ff810cb2000 	/usr/lib/system/libcache.dylib
0x00007ff810c6e000 	/usr/lib/system/libcommonCrypto.dylib
0x00007ff810c97000 	/usr/lib/system/libcompiler_rt.dylib
0x00007ff810c8d000 	/usr/lib/system/libcopyfile.dylib
0x00007ff805c62000 	/usr/lib/system/libcorecrypto.dylib
0x00007ff805d20000 	/usr/lib/system/libdispatch.dylib
0x00007ff805ee4000 	/usr/lib/system/libdyld.dylib
0x00007ff810ca9000 	/usr/lib/system/libkeymgr.dylib
0x00007ff810c4c000 	/usr/lib/system/libmacho.dylib
0x00007ff8102cb000 	/usr/lib/system/libquarantine.dylib
0x00007ff810ca7000 	/usr/lib/system/libremovefile.dylib
0x00007ff80ae5e000 	/usr/lib/system/libsystem_asl.dylib
0x00007ff805c0b000 	/usr/lib/system/libsystem_blocks.dylib
0x00007ff805da8000 	/usr/lib/system/libsystem_c.dylib
0x00007ff810c9f000 	/usr/lib/system/libsystem_collections.dylib
0x00007ff80f578000 	/usr/lib/system/libsystem_configuration.dylib
0x00007ff80e824000 	/usr/lib/system/libsystem_containermanager.dylib
0x00007ff810985000 	/usr/lib/system/libsystem_coreservices.dylib
0x00007ff808507000 	/usr/lib/system/libsystem_darwin.dylib
0x00007ff810caa000 	/usr/lib/system/libsystem_dnssd.dylib
0x00007ff805da5000 	/usr/lib/system/libsystem_featureflags.dylib
0x00007ff805efa000 	/usr/lib/system/libsystem_info.dylib
0x00007ff810bea000 	/usr/lib/system/libsystem_m.dylib
0x00007ff805cf4000 	/usr/lib/system/libsystem_malloc.dylib
0x00007ff80adf9000 	/usr/lib/system/libsystem_networkextension.dylib
0x00007ff80892d000 	/usr/lib/system/libsystem_notify.dylib
0x00007ff816f15000 	/usr/lib/system/libsystem_product_info_filter.dylib
0x00007ff80f57c000 	/usr/lib/system/libsystem_sandbox.dylib
0x00007ff810ca4000 	/usr/lib/system/libsystem_secinit.dylib
0x00007ff805ea0000 	/usr/lib/system/libsystem_kernel.dylib
0x00007ff805ef0000 	/usr/lib/system/libsystem_platform.dylib
0x00007ff805ed8000 	/usr/lib/system/libsystem_pthread.dylib
0x00007ff80c6a6000 	/usr/lib/system/libsystem_symptoms.dylib
0x00007ff805c49000 	/usr/lib/system/libsystem_trace.dylib
0x00007ff810c7a000 	/usr/lib/system/libunwind.dylib
0x00007ff805c0d000 	/usr/lib/system/libxpc.dylib
0x00007ff805e8a000 	/usr/lib/libc++abi.dylib
0x00007ff810c85000 	/usr/lib/liboah.dylib
0x00007ff81140b000 	/usr/lib/liblzma.5.dylib
0x00007ff806aaa000 	/System/Library/Frameworks/SystemConfiguration.framework/Versions/A/SystemConfiguration
0x00007ff810cb9000 	/usr/lib/libfakelink.dylib
0x00007ff80a96a000 	/System/Library/Frameworks/CFNetwork.framework/Versions/A/CFNetwork
0x00007ff810dfa000 	/usr/lib/libarchive.2.dylib
0x00007ff80f584000 	/System/Library/PrivateFrameworks/AppleSystemInfo.framework/Versions/A/AppleSystemInfo
0x00007ff8102f2000 	/usr/lib/libbsm.0.dylib
0x00007ff809f7d000 	/usr/lib/libnetwork.dylib
0x00007ff810c52000 	/usr/lib/system/libkxld.dylib
0x00007ff80ff1e000 	/System/Library/PrivateFrameworks/IOMobileFramebuffer.framework/Versions/A/IOMobileFramebuffer
0x00007ffb1d482000 	/usr/lib/libCoreEntitlements.dylib
0x00007ff810967000 	/System/Library/PrivateFrameworks/AppleFSCompression.framework/Versions/A/AppleFSCompression
0x00007ff8102da000 	/usr/lib/libcoretls.dylib
0x00007ff811425000 	/usr/lib/libcoretls_cfhelpers.dylib
0x00007ff810f3c000 	/usr/lib/libpam.2.dylib
0x00007ff80c2c6000 	/usr/lib/libsqlite3.dylib
0x00007ff811494000 	/usr/lib/libxar.1.dylib
0x00007ff810977000 	/usr/lib/libbz2.1.0.dylib
0x00007ff810cbe000 	/usr/lib/libpcap.A.dylib
0x00007ff80c69e000 	/usr/lib/libdns_services.dylib
0x00007ff810f0c000 	/usr/lib/libapple_nghttp2.dylib
0x00007ff810cf8000 	/usr/lib/libiconv.2.dylib
0x00007ff810c4b000 	/usr/lib/libcharset.1.dylib
0x00007ff80d5f9000 	/System/Library/Frameworks/CoreServices.framework/Versions/A/Frameworks/FSEvents.framework/Versions/A/FSEvents
0x00007ff808511000 	/System/Library/Frameworks/CoreServices.framework/Versions/A/Frameworks/CarbonCore.framework/Versions/A/CarbonCore
0x00007ff80c8e7000 	/System/Library/Frameworks/CoreServices.framework/Versions/A/Frameworks/Metadata.framework/Versions/A/Metadata
0x00007ff81098a000 	/System/Library/Frameworks/CoreServices.framework/Versions/A/Frameworks/OSServices.framework/Versions/A/OSServices
0x00007ff810e81000 	/System/Library/Frameworks/CoreServices.framework/Versions/A/Frameworks/SearchKit.framework/Versions/A/SearchKit
0x00007ff80c631000 	/System/Library/Frameworks/CoreServices.framework/Versions/A/Frameworks/AE.framework/Versions/A/AE
0x00007ff806427000 	/System/Library/Frameworks/CoreServices.framework/Versions/A/Frameworks/LaunchServices.framework/Versions/A/LaunchServices
0x00007ff8113bc000 	/System/Library/Frameworks/CoreServices.framework/Versions/A/Frameworks/DictionaryServices.framework/Versions/A/DictionaryServices
0x00007ff80d606000 	/System/Library/Frameworks/CoreServices.framework/Versions/A/Frameworks/SharedFileList.framework/Versions/A/SharedFileList
0x00007ff8102ce000 	/usr/lib/libCheckFix.dylib
0x00007ff80ae75000 	/System/Library/PrivateFrameworks/TCC.framework/Versions/A/TCC
0x00007ff80f58a000 	/System/Library/PrivateFrameworks/CoreNLP.framework/Versions/A/CoreNLP
0x00007ff80c897000 	/System/Library/PrivateFrameworks/MetadataUtilities.framework/Versions/A/MetadataUtilities
0x00007ff806b5a000 	/usr/lib/libmecabra.dylib
0x00007ff810302000 	/usr/lib/libmecab.dylib
0x00007ff806b25000 	/usr/lib/libCRFSuite.dylib
0x00007ff81035c000 	/usr/lib/libgermantok.dylib
0x00007ff810ee7000 	/usr/lib/libThaiTokenizer.dylib
0x00007ff80c98a000 	/System/Library/Frameworks/Accelerate.framework/Versions/A/Frameworks/vImage.framework/Versions/A/vImage
0x00007ff817017000 	/System/Library/Frameworks/Accelerate.framework/Versions/A/Frameworks/vecLib.framework/Versions/A/vecLib
0x00007ff8114d5000 	/System/Library/Frameworks/Accelerate.framework/Versions/A/Frameworks/vecLib.framework/Versions/A/libvMisc.dylib
0x00007ff80fd49000 	/System/Library/Frameworks/Accelerate.framework/Versions/A/Frameworks/vecLib.framework/Versions/A/libvDSP.dylib
0x00007ff8067a1000 	/System/Library/Frameworks/Accelerate.framework/Versions/A/Frameworks/vecLib.framework/Versions/A/libBLAS.dylib
0x00007ff81101e000 	/System/Library/Frameworks/Accelerate.framework/Versions/A/Frameworks/vecLib.framework/Versions/A/libLAPACK.dylib
0x00007ff81035f000 	/System/Library/Frameworks/Accelerate.framework/Versions/A/Frameworks/vecLib.framework/Versions/A/libLinearAlgebra.dylib
0x00007ff810f24000 	/System/Library/Frameworks/Accelerate.framework/Versions/A/Frameworks/vecLib.framework/Versions/A/libSparseBLAS.dylib
0x00007ff811018000 	/System/Library/Frameworks/Accelerate.framework/Versions/A/Frameworks/vecLib.framework/Versions/A/libQuadrature.dylib
0x00007ff80f675000 	/System/Library/Frameworks/Accelerate.framework/Versions/A/Frameworks/vecLib.framework/Versions/A/libBNNS.dylib
0x00007ff806a3b000 	/System/Library/Frameworks/Accelerate.framework/Versions/A/Frameworks/vecLib.framework/Versions/A/libSparse.dylib
0x00007ff80f66e000 	/System/Library/PrivateFrameworks/LinguisticData.framework/Versions/A/LinguisticData
0x00007ff8069f1000 	/System/Library/PrivateFrameworks/Lexicon.framework/Versions/A/Lexicon
0x00007ff8114ce000 	/usr/lib/libChineseTokenizer.dylib
0x00007ff807153000 	/System/Library/PrivateFrameworks/LanguageModeling.framework/Versions/A/LanguageModeling
0x00007ff810ee9000 	/System/Library/PrivateFrameworks/AppleSauce.framework/Versions/A/AppleSauce
0x00007ff80ff0c000 	/System/Library/PrivateFrameworks/CoreEmoji.framework/Versions/A/CoreEmoji
0x00007ff810de9000 	/usr/lib/libcmph.dylib
0x00007ff80d5dd000 	/System/Library/Frameworks/OpenDirectory.framework/Versions/A/Frameworks/CFOpenDirectory.framework/Versions/A/CFOpenDirectory
0x00007ff80d5d1000 	/System/Library/Frameworks/OpenDirectory.framework/Versions/A/OpenDirectory
0x00007ff811427000 	/System/Library/PrivateFrameworks/APFS.framework/Versions/A/APFS
0x00007ff810229000 	/System/Library/Frameworks/SecurityFoundation.framework/Versions/A/SecurityFoundation
0x00007ff8114a2000 	/usr/lib/libutil.dylib
0x00007ff80883b000 	/System/Library/PrivateFrameworks/CoreServicesStore.framework/Versions/A/CoreServicesStore
0x00007ff8114a6000 	/usr/lib/libxslt.1.dylib
0x00007ff8102b6000 	/System/Library/PrivateFrameworks/BackgroundTaskManagement.framework/Versions/A/BackgroundTaskManagement
0x00007ff812911000 	/System/Library/Frameworks/ImageIO.framework/Versions/A/Resources/libRadiance.dylib
0x00007ff81291a000 	/System/Library/Frameworks/ImageIO.framework/Versions/A/Resources/libJPEG.dylib
0x00007ff81286b000 	/System/Library/Frameworks/ImageIO.framework/Versions/A/Resources/libPng.dylib
0x00007ff81288c000 	/System/Library/Frameworks/ImageIO.framework/Versions/A/Resources/libTIFF.dylib
0x00007ff81297a000 	/System/Library/Frameworks/ImageIO.framework/Versions/A/Resources/libGIF.dylib
0x00007ff8121a6000 	/System/Library/Frameworks/ImageIO.framework/Versions/A/Resources/libJP2.dylib
0x00007ff8118e4000 	/usr/lib/libexpat.1.dylib
0x00007ff81215b000 	/System/Library/PrivateFrameworks/AppleJPEG.framework/Versions/A/AppleJPEG
0x00007ff80eabe000 	/System/Library/PrivateFrameworks/FontServices.framework/libFontParser.dylib
0x00007ff80c5db000 	/System/Library/PrivateFrameworks/RunningBoardServices.framework/Versions/A/RunningBoardServices
0x00007ff81d2ca000 	/System/Library/PrivateFrameworks/IOSurfaceAccelerator.framework/Versions/A/IOSurfaceAccelerator
0x00007ff812288000 	/System/Library/PrivateFrameworks/WatchdogClient.framework/Versions/A/WatchdogClient
0x00007ff807241000 	/System/Library/Frameworks/CoreDisplay.framework/Versions/A/CoreDisplay
0x00007ff80e9bc000 	/System/Library/Frameworks/CoreMedia.framework/Versions/A/CoreMedia
0x00007ff80e853000 	/System/Library/PrivateFrameworks/IOAccelerator.framework/Versions/A/IOAccelerator
0x00007ff80d75a000 	/System/Library/Frameworks/CoreVideo.framework/Versions/A/CoreVideo
0x00007ff810f3a000 	/System/Library/Frameworks/MetalPerformanceShaders.framework/Versions/A/MetalPerformanceShaders
0x00007ff8122c5000 	/System/Library/Frameworks/VideoToolbox.framework/Versions/A/VideoToolbox
0x00007ff80c525000 	/System/Library/PrivateFrameworks/BaseBoard.framework/Versions/A/BaseBoard
0x00007ff80c2ac000 	/System/Library/PrivateFrameworks/ProtocolBuffer.framework/Versions/A/ProtocolBuffer
0x00007ff81290a000 	/System/Library/PrivateFrameworks/GPUWrangler.framework/Versions/A/GPUWrangler
0x00007ff8128ee000 	/System/Library/PrivateFrameworks/IOPresentment.framework/Versions/A/IOPresentment
0x00007ff812914000 	/System/Library/PrivateFrameworks/DSExternalDisplay.framework/Versions/A/DSExternalDisplay
0x00007ffa1df6f000 	/System/Library/Frameworks/OpenGL.framework/Versions/A/Libraries/libCoreFSCache.dylib
0x00007ffb0ac2b000 	/System/Library/PrivateFrameworks/GPUCompiler.framework/Versions/31001/Libraries/libGPUCompilerUtils.dylib
0x00007ff81297f000 	/System/Library/PrivateFrameworks/CMCaptureCore.framework/Versions/A/CMCaptureCore
0x00007ff811e8c000 	/System/Library/PrivateFrameworks/AppServerSupport.framework/Versions/A/AppServerSupport
0x00007ff81414b000 	/System/Library/PrivateFrameworks/perfdata.framework/Versions/A/perfdata
0x00007ff80736d000 	/System/Library/PrivateFrameworks/AudioToolboxCore.framework/Versions/A/AudioToolboxCore
0x00007ff80e99a000 	/System/Library/PrivateFrameworks/caulk.framework/Versions/A/caulk
0x00007ff813a5d000 	/usr/lib/libAudioStatistics.dylib
0x00007ff90b205000 	/System/Library/PrivateFrameworks/SystemPolicy.framework/Versions/A/SystemPolicy
0x00007ff813cb8000 	/usr/lib/libSMC.dylib
0x00007ff81cbc5000 	/System/Library/Frameworks/CoreMIDI.framework/Versions/A/CoreMIDI
0x00007ff81283a000 	/usr/lib/libAudioToolboxUtility.dylib
0x00007ff9074a8000 	/System/Library/PrivateFrameworks/OSAServicesClient.framework/Versions/A/OSAServicesClient
0x00007ff814158000 	/usr/lib/libperfcheck.dylib
0x00007ff90bcaf000 	/usr/lib/libmis.dylib
0x00007ffa1dfca000 	/System/Library/Frameworks/OpenGL.framework/Versions/A/Libraries/libGLU.dylib
0x00007ffa1df8e000 	/System/Library/Frameworks/OpenGL.framework/Versions/A/Libraries/libGFXShared.dylib
0x00007ffa1e197000 	/System/Library/Frameworks/OpenGL.framework/Versions/A/Libraries/libGL.dylib
0x00007ffa1df97000 	/System/Library/Frameworks/OpenGL.framework/Versions/A/Libraries/libGLImage.dylib
0x00007ffa1df8b000 	/System/Library/Frameworks/OpenGL.framework/Versions/A/Libraries/libCVMSPluginSupport.dylib
0x00007ffa1df76000 	/System/Library/Frameworks/OpenGL.framework/Versions/A/Libraries/libCoreVMClient.dylib
0x00007ff80f506000 	/System/Library/Frameworks/MetalPerformanceShaders.framework/Versions/A/Frameworks/MPSCore.framework/Versions/A/MPSCore
0x00007ff8108d2000 	/System/Library/Frameworks/MetalPerformanceShaders.framework/Versions/A/Frameworks/MPSImage.framework/Versions/A/MPSImage
0x00007ff810375000 	/System/Library/Frameworks/MetalPerformanceShaders.framework/Versions/A/Frameworks/MPSNeuralNetwork.framework/Versions/A/MPSNeuralNetwork
0x00007ff8107e9000 	/System/Library/Frameworks/MetalPerformanceShaders.framework/Versions/A/Frameworks/MPSMatrix.framework/Versions/A/MPSMatrix
0x00007ff8105a4000 	/System/Library/Frameworks/MetalPerformanceShaders.framework/Versions/A/Frameworks/MPSRayIntersector.framework/Versions/A/MPSRayIntersector
0x00007ff810821000 	/System/Library/Frameworks/MetalPerformanceShaders.framework/Versions/A/Frameworks/MPSNDArray.framework/Versions/A/MPSNDArray
0x00007ffa22ef7000 	/System/Library/Frameworks/MetalPerformanceShaders.framework/Versions/A/Frameworks/MPSFunctions.framework/Versions/A/MPSFunctions
0x00007ff80667e000 	/System/Library/PrivateFrameworks/MetalTools.framework/Versions/A/MetalTools
0x00007ff80f582000 	/System/Library/PrivateFrameworks/AggregateDictionary.framework/Versions/A/AggregateDictionary
0x00007ff8116c6000 	/usr/lib/libIOReport.dylib
0x00007ffa1f5a6000 	/System/Library/Frameworks/OpenCL.framework/Versions/A/OpenCL
0x00007ff811a2a000 	/System/Library/PrivateFrameworks/FaceCore.framework/Versions/A/FaceCore
0x00007ff811a1b000 	/System/Library/PrivateFrameworks/GraphVisualizer.framework/Versions/A/GraphVisualizer
0x00007ffb0ab36000 	/System/Library/PrivateFrameworks/FontServices.framework/Versions/A/FontServices
0x00007ff811e44000 	/System/Library/PrivateFrameworks/OTSVG.framework/Versions/A/OTSVG
0x00007ff80d341000 	/System/Library/Frameworks/ApplicationServices.framework/Versions/A/Frameworks/ATS.framework/Versions/A/Resources/libFontRegistry.dylib
0x00007ff811e94000 	/System/Library/PrivateFrameworks/FontServices.framework/libhvf.dylib
0x00007ffb0ab37000 	/System/Library/PrivateFrameworks/FontServices.framework/libXTFontStaticRegistryData.dylib
0x00007ff811894000 	/System/Library/PrivateFrameworks/AppleVA.framework/Versions/A/AppleVA
0x00007ff813a7d000 	/System/Library/Frameworks/ApplicationServices.framework/Versions/A/Frameworks/ATS.framework/Versions/A/ATS
0x00007ff80b9f3000 	/System/Library/Frameworks/ApplicationServices.framework/Versions/A/Frameworks/HIServices.framework/Versions/A/HIServices
0x00007ff812989000 	/System/Library/Frameworks/ApplicationServices.framework/Versions/A/Frameworks/PrintCore.framework/Versions/A/PrintCore
0x00007ff813e0b000 	/System/Library/Frameworks/ApplicationServices.framework/Versions/A/Frameworks/QD.framework/Versions/A/QD
0x00007ff813e03000 	/System/Library/Frameworks/ApplicationServices.framework/Versions/A/Frameworks/ColorSyncLegacy.framework/Versions/A/ColorSyncLegacy
0x00007ff813a6d000 	/System/Library/Frameworks/ApplicationServices.framework/Versions/A/Frameworks/SpeechSynthesis.framework/Versions/A/SpeechSynthesis
0x00007ff81294a000 	/System/Library/Frameworks/ApplicationServices.framework/Versions/A/Frameworks/ATSUI.framework/Versions/A/ATSUI
0x00007ff813d98000 	/usr/lib/libcups.2.dylib
0x00007ff814167000 	/System/Library/Frameworks/Kerberos.framework/Versions/A/Kerberos
0x00007ff814176000 	/System/Library/Frameworks/GSS.framework/Versions/A/GSS
0x00007ff813ae9000 	/usr/lib/libresolv.9.dylib
0x00007ff811ea3000 	/System/Library/PrivateFrameworks/Heimdal.framework/Versions/A/Heimdal
0x00007ff81ad43000 	/System/Library/Frameworks/Kerberos.framework/Versions/A/Libraries/libHeimdalProxy.dylib
0x00007ff80c6ae000 	/System/Library/Frameworks/Network.framework/Versions/A/Network
0x00007ff8118fe000 	/usr/lib/libheimdal-asn1.dylib
0x00007ff8141c1000 	/System/Library/PrivateFrameworks/CommonAuth.framework/Versions/A/CommonAuth
0x00007ff8139ef000 	/System/Library/PrivateFrameworks/AudioSession.framework/Versions/A/AudioSession
0x00007ff81198e000 	/System/Library/PrivateFrameworks/MediaExperience.framework/Versions/A/MediaExperience
0x00007ff813882000 	/System/Library/PrivateFrameworks/AudioSession.framework/libSessionUtility.dylib
0x00007ff813e17000 	/System/Library/PrivateFrameworks/AudioResourceArbitration.framework/Versions/A/AudioResourceArbitration
0x00007ff817e8a000 	/System/Library/PrivateFrameworks/PowerLog.framework/Versions/A/PowerLog
0x00007ff811907000 	/System/Library/PrivateFrameworks/IconFoundation.framework/Versions/A/IconFoundation
0x00007ff816c40000 	/System/Library/PrivateFrameworks/SpeechRecognitionCore.framework/Versions/A/SpeechRecognitionCore
0x000000010ba79000 	/Library/Java/JavaVirtualMachines/jdk-11.0.5.jdk/Contents/Home/lib/server/libjvm.dylib
0x000000010ad82000 	/Library/Java/JavaVirtualMachines/jdk-11.0.5.jdk/Contents/Home/lib/libverify.dylib
0x000000010adbb000 	/Library/Java/JavaVirtualMachines/jdk-11.0.5.jdk/Contents/Home/lib/libjava.dylib
0x000000010ade8000 	/Library/Java/JavaVirtualMachines/jdk-11.0.5.jdk/Contents/Home/lib/libinstrument.dylib
0x000000010ad96000 	/Library/Java/JavaVirtualMachines/jdk-11.0.5.jdk/Contents/Home/lib/libzip.dylib
0x000000010ad9e000 	/Library/Java/JavaVirtualMachines/jdk-11.0.5.jdk/Contents/Home/lib/libjimage.dylib
0x000000010b8e2000 	/Library/Java/JavaVirtualMachines/jdk-11.0.5.jdk/Contents/Home/lib/libnio.dylib
0x000000010b905000 	/Library/Java/JavaVirtualMachines/jdk-11.0.5.jdk/Contents/Home/lib/libnet.dylib
0x000000010b8f0000 	/Users/christophercheseldine/.openjfx/cache/11/libprism_es2.dylib
0x00007ff8087fd000 	/System/Library/PrivateFrameworks/CoreServicesInternal.framework/Versions/A/CoreServicesInternal
0x00007ffa1e1a2000 	/System/Library/Frameworks/OpenGL.framework/Versions/A/Resources/GLEngine.bundle/GLEngine
0x00007ffa1e008000 	/System/Library/Frameworks/OpenGL.framework/Versions/A/Libraries/libGLProgrammability.dylib
0x0000000112e4b000 	/System/Library/Extensions/AMDRadeonX4000GLDriver.bundle/Contents/MacOS/AMDRadeonX4000GLDriver
0x00007ff915de9000 	/System/Library/PrivateFrameworks/GPUSupport.framework/Versions/A/Libraries/libGPUSupportMercury.dylib
0x00007ffa212e6000 	/System/Library/Extensions/AMDRadeonX4000GLDriver.bundle/Contents/MacOS/ATIRadeonX4000SCLib.dylib
0x00007ffa116e7000 	/System/Library/Extensions/AMDShared.bundle/Contents/PlugIns/libSC.dylib
0x00007ffa1e32c000 	/System/Library/Frameworks/OpenGL.framework/Versions/A/Resources/GLRendererFloat.bundle/GLRendererFloat
0x0000000112d37000 	/Users/christophercheseldine/.openjfx/cache/11/libglass.dylib
0x00007ff81847b000 	/System/Library/Frameworks/FileProvider.framework/Versions/A/FileProvider
0x00007ff80c492000 	/System/Library/Frameworks/Accounts.framework/Versions/A/Accounts
0x00007ff8185f4000 	/System/Library/PrivateFrameworks/GenerationalStorage.framework/Versions/A/GenerationalStorage
0x00007ff819107000 	/System/Library/PrivateFrameworks/CoreSymbolication.framework/Versions/A/CoreSymbolication
0x00007ff817e7f000 	/System/Library/PrivateFrameworks/SymptomDiagnosticReporter.framework/Versions/A/SymptomDiagnosticReporter
0x00007ff809abb000 	/System/Library/PrivateFrameworks/DesktopServicesPriv.framework/Versions/A/DesktopServicesPriv
0x00007ff80893c000 	/usr/lib/libsandbox.1.dylib
0x00007ff80d7d9000 	/System/Library/PrivateFrameworks/UserManagement.framework/Versions/A/UserManagement
0x00007ff8190cc000 	/System/Library/PrivateFrameworks/DebugSymbols.framework/Versions/A/DebugSymbols
0x00007ff813df8000 	/System/Library/PrivateFrameworks/NetAuth.framework/Versions/A/NetAuth
0x00007ff814d05000 	/System/Library/PrivateFrameworks/Sharing.framework/Versions/A/Sharing
0x00007ff80d7ac000 	/System/Library/PrivateFrameworks/login.framework/Versions/A/Frameworks/loginsupport.framework/Versions/A/loginsupport
0x00007ff81a26a000 	/System/Library/PrivateFrameworks/Apple80211.framework/Versions/A/Apple80211
0x00007ff8109b7000 	/System/Library/PrivateFrameworks/AuthKit.framework/Versions/A/AuthKit
0x00007ff810002000 	/System/Library/PrivateFrameworks/CoreUtils.framework/Versions/A/CoreUtils
0x00007ff80ff29000 	/System/Library/Frameworks/CoreWLAN.framework/Versions/A/CoreWLAN
0x00007ff814e64000 	/System/Library/Frameworks/IOBluetooth.framework/Versions/A/IOBluetooth
0x00007ff81a2d2000 	/System/Library/PrivateFrameworks/CoreWiFi.framework/Versions/A/CoreWiFi
0x00007ff818c9e000 	/System/Library/PrivateFrameworks/FrontBoardServices.framework/Versions/A/FrontBoardServices
0x00007ff818d2f000 	/System/Library/PrivateFrameworks/BoardServices.framework/Versions/A/BoardServices
0x00007ff810218000 	/System/Library/PrivateFrameworks/AssertionServices.framework/Versions/A/AssertionServices
0x00007ff81a455000 	/System/Library/PrivateFrameworks/BackBoardServices.framework/Versions/A/BackBoardServices
0x00007ff814252000 	/System/Library/PrivateFrameworks/CorePhoneNumbers.framework/Versions/A/CorePhoneNumbers
0x00007ff817f9c000 	/System/Library/PrivateFrameworks/DiskManagement.framework/Versions/A/DiskManagement
0x00007ff817eb0000 	/System/Library/PrivateFrameworks/AppleIDAuthSupport.framework/Versions/A/AppleIDAuthSupport
0x00007ffa254b8000 	/System/Library/PrivateFrameworks/AAAFoundation.framework/Versions/A/AAAFoundation
0x00007ff814233000 	/System/Library/PrivateFrameworks/KeychainCircle.framework/Versions/A/KeychainCircle
0x00007ff817f68000 	/System/Library/PrivateFrameworks/MediaKit.framework/Versions/A/MediaKit
0x00007ff817ebc000 	/System/Library/Frameworks/DiscRecording.framework/Versions/A/DiscRecording
0x00007ff81180c000 	/usr/lib/libCoreStorage.dylib
0x00007ff81a743000 	/usr/lib/libcsfde.dylib
0x00007ff814f31000 	/System/Library/PrivateFrameworks/ProtectedCloudStorage.framework/Versions/A/ProtectedCloudStorage
0x00007ff81a73f000 	/System/Library/PrivateFrameworks/EFILogin.framework/Versions/A/EFILogin
0x00007ff81861a000 	/System/Library/PrivateFrameworks/OctagonTrust.framework/Versions/A/OctagonTrust
0x00007ffb09da5000 	/System/Library/PrivateFrameworks/CoreUtilsExtras.framework/Versions/A/CoreUtilsExtras
0x00007ff817de3000 	/System/Library/Frameworks/CoreBluetooth.framework/Versions/A/CoreBluetooth
0x00007ff81adc8000 	/System/Library/Frameworks/AudioUnit.framework/Versions/A/AudioUnit
0x00007ff811804000 	/usr/lib/libMatch.1.dylib
0x00007ff910288000 	/System/Library/Frameworks/Accelerate.framework/Versions/A/Frameworks/vImage.framework/Versions/A/Libraries/libCGInterfaces.dylib
0x00000001134a7000 	/usr/lib/libobjc-trampolines.dylib
0x00007ff80d4d1000 	/System/Library/PrivateFrameworks/ViewBridge.framework/Versions/A/ViewBridge
0x00007ff8116cf000 	/System/Library/PrivateFrameworks/CrashReporterSupport.framework/Versions/A/CrashReporterSupport
0x00007ff917c6a000 	/System/Library/PrivateFrameworks/OSAnalytics.framework/Versions/A/OSAnalytics
0x00007ff922dbd000 	/System/Library/PrivateFrameworks/Symbolication.framework/Versions/A/Symbolication
0x00007ff90bc8c000 	/System/Library/PrivateFrameworks/MallocStackLogging.framework/Versions/A/MallocStackLogging
0x00007ffb1d591000 	/usr/lib/libRosetta.dylib
0x00007ffa25b79000 	/System/Library/PrivateFrameworks/AccessibilityBundles.framework/Versions/A/AccessibilityBundles
0x0000000142fdf000 	/Users/christophercheseldine/.openjfx/cache/11/libjavafx_font.dylib
0x00007ff811f5a000 	/System/Library/PrivateFrameworks/login.framework/Versions/A/login


VM Arguments:
jvm_args: -javaagent:/Applications/IntelliJ IDEA CE.app/Contents/lib/idea_rt.jar=57252:/Applications/IntelliJ IDEA CE.app/Contents/bin -Dfile.encoding=UTF-8 --module-path=/Users/christophercheseldine/Documents/Java Projects/SessionViewer/out/production/SessionViewer:/Users/christophercheseldine/.m2/repository/org/openjfx/javafx-fxml/11/javafx-fxml-11.jar:/Users/christophercheseldine/.m2/repository/org/openjfx/javafx-fxml/11/javafx-fxml-11-mac.jar:/Users/christophercheseldine/.m2/repository/org/openjfx/javafx-controls/11/javafx-controls-11.jar:/Users/christophercheseldine/.m2/repository/org/openjfx/javafx-controls/11/javafx-controls-11-mac.jar:/Users/christophercheseldine/.m2/repository/org/openjfx/javafx-graphics/11/javafx-graphics-11.jar:/Users/christophercheseldine/.m2/repository/org/openjfx/javafx-graphics/11/javafx-graphics-11-mac.jar:/Users/christophercheseldine/.m2/repository/org/openjfx/javafx-base/11/javafx-base-11.jar:/Users/christophercheseldine/.m2/repository/org/openjfx/javafx-base/11/javafx-base-11-mac.jar -Djdk.module.main=SessionViewer 
java_command: SessionViewer/sample.Main
java_class_path (initial): <not set>
Launcher Type: SUN_STANDARD

[Global flags]
     intx CICompilerCount                          = 3                                         {product} {ergonomic}
     uint ConcGCThreads                            = 1                                         {product} {ergonomic}
     uint G1ConcRefinementThreads                  = 4                                         {product} {ergonomic}
   size_t G1HeapRegionSize                         = 2097152                                   {product} {ergonomic}
    uintx GCDrainStackTargetSize                   = 64                                        {product} {ergonomic}
   size_t InitialHeapSize                          = 671088640                                 {product} {ergonomic}
   size_t MarkStackSize                            = 4194304                                   {product} {ergonomic}
   size_t MaxHeapSize                              = 10737418240                               {product} {ergonomic}
   size_t MaxNewSize                               = 6442450944                                {product} {ergonomic}
   size_t MinHeapDeltaBytes                        = 2097152                                   {product} {ergonomic}
    uintx NonNMethodCodeHeapSize                   = 5830732                                {pd product} {ergonomic}
    uintx NonProfiledCodeHeapSize                  = 122913754                              {pd product} {ergonomic}
    uintx ProfiledCodeHeapSize                     = 122913754                              {pd product} {ergonomic}
    uintx ReservedCodeCacheSize                    = 251658240                              {pd product} {ergonomic}
     bool SegmentedCodeCache                       = true                                      {product} {ergonomic}
     bool UseCompressedClassPointers               = true                                 {lp64_product} {ergonomic}
     bool UseCompressedOops                        = true                                 {lp64_product} {ergonomic}
     bool UseG1GC                                  = true                                      {product} {ergonomic}

Logging:
Log output configuration:
 #0: stdout all=warning uptime,level,tags
 #1: stderr all=off uptime,level,tags

Environment Variables:
PATH=/usr/bin:/bin:/usr/sbin:/sbin
SHELL=/bin/bash

Signal Handlers:
SIGSEGV: [libjvm.dylib+0x742100], sa_mask[0]=11111111011111110111111111111111, sa_flags=SA_ONSTACK|SA_RESTART|SA_SIGINFO
SIGBUS: [libjvm.dylib+0x742100], sa_mask[0]=11111111011111110111111111111111, sa_flags=SA_RESTART|SA_SIGINFO
SIGFPE: [libjvm.dylib+0x742100], sa_mask[0]=11111111011111110111111111111111, sa_flags=SA_RESTART|SA_SIGINFO
SIGPIPE: [libjvm.dylib+0x5f4862], sa_mask[0]=11111111011111110111111111111111, sa_flags=SA_RESTART|SA_SIGINFO
SIGXFSZ: [libjvm.dylib+0x5f4862], sa_mask[0]=11111111011111110111111111111111, sa_flags=SA_RESTART|SA_SIGINFO
SIGILL: [libjvm.dylib+0x742100], sa_mask[0]=11111111011111110111111111111111, sa_flags=SA_RESTART|SA_SIGINFO
SIGUSR2: [libjvm.dylib+0x5f4e47], sa_mask[0]=00100000000000000000000000000000, sa_flags=SA_RESTART|SA_SIGINFO
SIGHUP: [libjvm.dylib+0x5f38a3], sa_mask[0]=11111111011111110111111111111111, sa_flags=SA_RESTART|SA_SIGINFO
SIGINT: [libjvm.dylib+0x5f38a3], sa_mask[0]=11111111011111110111111111111111, sa_flags=SA_RESTART|SA_SIGINFO
SIGTERM: [libjvm.dylib+0x5f38a3], sa_mask[0]=11111111011111110111111111111111, sa_flags=SA_RESTART|SA_SIGINFO
SIGQUIT: [libjvm.dylib+0x5f38a3], sa_mask[0]=11111111011111110111111111111111, sa_flags=SA_RESTART|SA_SIGINFO


---------------  S Y S T E M  ---------------

OS:uname:Darwin 21.4.0 Darwin Kernel Version 21.4.0: Mon Feb 21 20:34:37 PST 2022; root:xnu-8020.101.4~2/RELEASE_X86_64 x86_64
rlimit: STACK 8192k, CORE 0k, NPROC 6960, NOFILE 10240, AS infinity, DATA infinity, FSIZE infinity
load average:2.02 1.85 1.69

CPU:total 4 (initial active 4) (4 cores per cpu, 1 threads per core) family 6 model 158 stepping 9, cmov, cx8, fxsr, mmx, sse, sse2, sse3, ssse3, sse4.1, sse4.2, popcnt, avx, avx2, aes, clmul, erms, rtm, 3dnowpref, lzcnt, tsc, tscinvbit, bmi1, bmi2, adx, fma

Memory: 4k page, physical 41943040k(581304k free)

vm_info: Java HotSpot(TM) 64-Bit Server VM (11.0.5+10-LTS) for bsd-amd64 JRE (11.0.5+10-LTS), built on Oct  6 2019 11:48:21 by "mach5one" with gcc 4.2.1 Compatible Apple LLVM 9.1.0 (clang-902.0.39.2)

END.
